{"C:\\Users\\RobertoManera\\OneDrive - Kbase\\ProjetosClaude\\AppAlbum\\album-copa-2026\\src\\core\\navigation\\AlbumStack.tsx": {"path":"C:\\Users\\RobertoManera\\OneDrive - Kbase\\ProjetosClaude\\AppAlbum\\album-copa-2026\\src\\core\\navigation\\AlbumStack.tsx","statementMap":{"0":{"start":{"line":8,"column":14},"end":{"line":8,"column":63}},"1":{"start":{"line":11,"column":2},"end":{"line":26,"column":4}},"2":{"start":{"line":23,"column":33},"end":{"line":23,"column":68}}},"fnMap":{"0":{"name":"AlbumStack","decl":{"start":{"line":10,"column":16},"end":{"line":10,"column":26}},"loc":{"start":{"line":10,"column":29},"end":{"line":27,"column":1}},"line":10},"1":{"name":"(anonymous_1)","decl":{"start":{"line":23,"column":17},"end":{"line":23,"column":18}},"loc":{"start":{"line":23,"column":33},"end":{"line":23,"column":68}},"line":23}},"branchMap":{},"s":{"0":0,"1":0,"2":0},"f":{"0":0,"1":0},"b":{}}
,"C:\\Users\\RobertoManera\\OneDrive - Kbase\\ProjetosClaude\\AppAlbum\\album-copa-2026\\src\\core\\navigation\\RootNavigator.tsx": {"path":"C:\\Users\\RobertoManera\\OneDrive - Kbase\\ProjetosClaude\\AppAlbum\\album-copa-2026\\src\\core\\navigation\\RootNavigator.tsx","statementMap":{"0":{"start":{"line":32,"column":12},"end":{"line":32,"column":58}},"1":{"start":{"line":34,"column":41},"end":{"line":40,"column":1}},"2":{"start":{"line":43,"column":65},"end":{"line":43,"column":79}},"3":{"start":{"line":44,"column":46},"end":{"line":44,"column":61}},"4":{"start":{"line":45,"column":56},"end":{"line":45,"column":71}},"5":{"start":{"line":46,"column":32},"end":{"line":46,"column":47}},"6":{"start":{"line":47,"column":34},"end":{"line":47,"column":46}},"7":{"start":{"line":48,"column":30},"end":{"line":48,"column":45}},"8":{"start":{"line":50,"column":2},"end":{"line":52,"column":3}},"9":{"start":{"line":51,"column":4},"end":{"line":51,"column":53}},"10":{"start":{"line":54,"column":22},"end":{"line":54,"column":31}},"11":{"start":{"line":56,"column":22},"end":{"line":60,"column":3}},"12":{"start":{"line":57,"column":4},"end":{"line":57,"column":27}},"13":{"start":{"line":58,"column":4},"end":{"line":58,"column":22}},"14":{"start":{"line":59,"column":4},"end":{"line":59,"column":28}},"15":{"start":{"line":62,"column":29},"end":{"line":77,"column":3}},"16":{"start":{"line":63,"column":4},"end":{"line":63,"column":33}},"17":{"start":{"line":63,"column":26},"end":{"line":63,"column":33}},"18":{"start":{"line":64,"column":4},"end":{"line":64,"column":20}},"19":{"start":{"line":65,"column":4},"end":{"line":76,"column":5}},"20":{"start":{"line":66,"column":24},"end":{"line":68,"column":8}},"21":{"start":{"line":69,"column":6},"end":{"line":69,"column":29}},"22":{"start":{"line":69,"column":17},"end":{"line":69,"column":29}},"23":{"start":{"line":70,"column":6},"end":{"line":70,"column":50}},"24":{"start":{"line":71,"column":6},"end":{"line":71,"column":24}},"25":{"start":{"line":73,"column":6},"end":{"line":73,"column":81}},"26":{"start":{"line":75,"column":6},"end":{"line":75,"column":23}},"27":{"start":{"line":79,"column":24},"end":{"line":101,"column":3}},"28":{"start":{"line":80,"column":4},"end":{"line":88,"column":5}},"29":{"start":{"line":82,"column":24},"end":{"line":82,"column":80}},"30":{"start":{"line":83,"column":6},"end":{"line":83,"column":29}},"31":{"start":{"line":83,"column":22},"end":{"line":83,"column":29}},"32":{"start":{"line":84,"column":6},"end":{"line":84,"column":50}},"33":{"start":{"line":86,"column":6},"end":{"line":86,"column":52}},"34":{"start":{"line":87,"column":6},"end":{"line":87,"column":13}},"35":{"start":{"line":89,"column":4},"end":{"line":100,"column":7}},"36":{"start":{"line":95,"column":10},"end":{"line":95,"column":35}},"37":{"start":{"line":96,"column":10},"end":{"line":96,"column":24}},"38":{"start":{"line":97,"column":10},"end":{"line":97,"column":54}},"39":{"start":{"line":103,"column":2},"end":{"line":245,"column":4}},"40":{"start":{"line":106,"column":39},"end":{"line":123,"column":9}},"41":{"start":{"line":108,"column":12},"end":{"line":110,"column":19}},"42":{"start":{"line":157,"column":14},"end":{"line":157,"column":53}},"43":{"start":{"line":157,"column":28},"end":{"line":157,"column":53}},"44":{"start":{"line":200,"column":70},"end":{"line":200,"column":86}},"45":{"start":{"line":212,"column":31},"end":{"line":212,"column":56}},"46":{"start":{"line":212,"column":57},"end":{"line":212,"column":86}},"47":{"start":{"line":220,"column":16},"end":{"line":220,"column":34}},"48":{"start":{"line":221,"column":16},"end":{"line":221,"column":41}},"49":{"start":{"line":236,"column":23},"end":{"line":236,"column":48}},"50":{"start":{"line":242,"column":23},"end":{"line":242,"column":52}},"51":{"start":{"line":248,"column":15},"end":{"line":383,"column":2}}},"fnMap":{"0":{"name":"RootNavigator","decl":{"start":{"line":42,"column":16},"end":{"line":42,"column":29}},"loc":{"start":{"line":42,"column":32},"end":{"line":246,"column":1}},"line":42},"1":{"name":"(anonymous_1)","decl":{"start":{"line":51,"column":40},"end":{"line":51,"column":41}},"loc":{"start":{"line":51,"column":46},"end":{"line":51,"column":48}},"line":51},"2":{"name":"(anonymous_2)","decl":{"start":{"line":56,"column":22},"end":{"line":56,"column":23}},"loc":{"start":{"line":56,"column":28},"end":{"line":60,"column":3}},"line":56},"3":{"name":"(anonymous_3)","decl":{"start":{"line":62,"column":29},"end":{"line":62,"column":30}},"loc":{"start":{"line":62,"column":41},"end":{"line":77,"column":3}},"line":62},"4":{"name":"(anonymous_4)","decl":{"start":{"line":79,"column":24},"end":{"line":79,"column":25}},"loc":{"start":{"line":79,"column":36},"end":{"line":101,"column":3}},"line":79},"5":{"name":"(anonymous_5)","decl":{"start":{"line":84,"column":40},"end":{"line":84,"column":41}},"loc":{"start":{"line":84,"column":46},"end":{"line":84,"column":48}},"line":84},"6":{"name":"(anonymous_6)","decl":{"start":{"line":94,"column":17},"end":{"line":94,"column":18}},"loc":{"start":{"line":94,"column":29},"end":{"line":98,"column":9}},"line":94},"7":{"name":"(anonymous_7)","decl":{"start":{"line":97,"column":44},"end":{"line":97,"column":45}},"loc":{"start":{"line":97,"column":50},"end":{"line":97,"column":52}},"line":97},"8":{"name":"(anonymous_8)","decl":{"start":{"line":106,"column":23},"end":{"line":106,"column":24}},"loc":{"start":{"line":106,"column":39},"end":{"line":123,"column":9}},"line":106},"9":{"name":"(anonymous_9)","decl":{"start":{"line":107,"column":22},"end":{"line":107,"column":23}},"loc":{"start":{"line":108,"column":12},"end":{"line":110,"column":19}},"line":108},"10":{"name":"(anonymous_10)","decl":{"start":{"line":156,"column":21},"end":{"line":156,"column":22}},"loc":{"start":{"line":156,"column":27},"end":{"line":158,"column":13}},"line":156},"11":{"name":"(anonymous_11)","decl":{"start":{"line":200,"column":64},"end":{"line":200,"column":65}},"loc":{"start":{"line":200,"column":70},"end":{"line":200,"column":86}},"line":200},"12":{"name":"(anonymous_12)","decl":{"start":{"line":212,"column":23},"end":{"line":212,"column":24}},"loc":{"start":{"line":212,"column":29},"end":{"line":212,"column":88}},"line":212},"13":{"name":"(anonymous_13)","decl":{"start":{"line":219,"column":23},"end":{"line":219,"column":24}},"loc":{"start":{"line":219,"column":29},"end":{"line":222,"column":15}},"line":219},"14":{"name":"(anonymous_14)","decl":{"start":{"line":236,"column":17},"end":{"line":236,"column":18}},"loc":{"start":{"line":236,"column":23},"end":{"line":236,"column":48}},"line":236},"15":{"name":"(anonymous_15)","decl":{"start":{"line":242,"column":17},"end":{"line":242,"column":18}},"loc":{"start":{"line":242,"column":23},"end":{"line":242,"column":52}},"line":242}},"branchMap":{"0":{"loc":{"start":{"line":50,"column":2},"end":{"line":52,"column":3}},"type":"if","locations":[{"start":{"line":50,"column":2},"end":{"line":52,"column":3}},{"start":{},"end":{}}],"line":50},"1":{"loc":{"start":{"line":63,"column":4},"end":{"line":63,"column":33}},"type":"if","locations":[{"start":{"line":63,"column":4},"end":{"line":63,"column":33}},{"start":{},"end":{}}],"line":63},"2":{"loc":{"start":{"line":69,"column":6},"end":{"line":69,"column":29}},"type":"if","locations":[{"start":{"line":69,"column":6},"end":{"line":69,"column":29}},{"start":{},"end":{}}],"line":69},"3":{"loc":{"start":{"line":80,"column":4},"end":{"line":88,"column":5}},"type":"if","locations":[{"start":{"line":80,"column":4},"end":{"line":88,"column":5}},{"start":{},"end":{}}],"line":80},"4":{"loc":{"start":{"line":83,"column":6},"end":{"line":83,"column":29}},"type":"if","locations":[{"start":{"line":83,"column":6},"end":{"line":83,"column":29}},{"start":{},"end":{}}],"line":83},"5":{"loc":{"start":{"line":108,"column":50},"end":{"line":108,"column":68}},"type":"cond-expr","locations":[{"start":{"line":108,"column":60},"end":{"line":108,"column":61}},{"start":{"line":108,"column":64},"end":{"line":108,"column":68}}],"line":108},"6":{"loc":{"start":{"line":138,"column":9},"end":{"line":144,"column":9}},"type":"cond-expr","locations":[{"start":{"line":139,"column":10},"end":{"line":139,"column":75}},{"start":{"line":141,"column":10},"end":{"line":143,"column":17}}],"line":138},"7":{"loc":{"start":{"line":151,"column":20},"end":{"line":151,"column":65}},"type":"cond-expr","locations":[{"start":{"line":151,"column":44},"end":{"line":151,"column":53}},{"start":{"line":151,"column":56},"end":{"line":151,"column":65}}],"line":151},"8":{"loc":{"start":{"line":157,"column":14},"end":{"line":157,"column":53}},"type":"if","locations":[{"start":{"line":157,"column":14},"end":{"line":157,"column":53}},{"start":{},"end":{}}],"line":157},"9":{"loc":{"start":{"line":163,"column":15},"end":{"line":169,"column":15}},"type":"cond-expr","locations":[{"start":{"line":164,"column":16},"end":{"line":164,"column":88}},{"start":{"line":166,"column":16},"end":{"line":168,"column":23}}],"line":163},"10":{"loc":{"start":{"line":174,"column":13},"end":{"line":204,"column":13}},"type":"cond-expr","locations":[{"start":{"line":175,"column":14},"end":{"line":198,"column":21}},{"start":{"line":200,"column":14},"end":{"line":203,"column":33}}],"line":174},"11":{"loc":{"start":{"line":188,"column":42},"end":{"line":188,"column":68}},"type":"binary-expr","locations":[{"start":{"line":188,"column":42},"end":{"line":188,"column":48}},{"start":{"line":188,"column":52},"end":{"line":188,"column":68}}],"line":188},"12":{"loc":{"start":{"line":192,"column":19},"end":{"line":196,"column":19}},"type":"cond-expr","locations":[{"start":{"line":193,"column":20},"end":{"line":193,"column":75}},{"start":{"line":195,"column":20},"end":{"line":195,"column":66}}],"line":192}},"s":{"0":0,"1":0,"2":0,"3":0,"4":0,"5":0,"6":0,"7":0,"8":0,"9":0,"10":0,"11":0,"12":0,"13":0,"14":0,"15":0,"16":0,"17":0,"18":0,"19":0,"20":0,"21":0,"22":0,"23":0,"24":0,"25":0,"26":0,"27":0,"28":0,"29":0,"30":0,"31":0,"32":0,"33":0,"34":0,"35":0,"36":0,"37":0,"38":0,"39":0,"40":0,"41":0,"42":0,"43":0,"44":0,"45":0,"46":0,"47":0,"48":0,"49":0,"50":0,"51":0},"f":{"0":0,"1":0,"2":0,"3":0,"4":0,"5":0,"6":0,"7":0,"8":0,"9":0,"10":0,"11":0,"12":0,"13":0,"14":0,"15":0},"b":{"0":[0,0],"1":[0,0],"2":[0,0],"3":[0,0],"4":[0,0],"5":[0,0],"6":[0,0],"7":[0,0],"8":[0,0],"9":[0,0],"10":[0,0],"11":[0,0],"12":[0,0]}}
,"C:\\Users\\RobertoManera\\OneDrive - Kbase\\ProjetosClaude\\AppAlbum\\album-copa-2026\\src\\core\\navigation\\types.ts": {"path":"C:\\Users\\RobertoManera\\OneDrive - Kbase\\ProjetosClaude\\AppAlbum\\album-copa-2026\\src\\core\\navigation\\types.ts","statementMap":{},"fnMap":{},"branchMap":{},"s":{},"f":{},"b":{}}
,"C:\\Users\\RobertoManera\\OneDrive - Kbase\\ProjetosClaude\\AppAlbum\\album-copa-2026\\src\\core\\providers\\CatalogProvider.tsx": {"path":"C:\\Users\\RobertoManera\\OneDrive - Kbase\\ProjetosClaude\\AppAlbum\\album-copa-2026\\src\\core\\providers\\CatalogProvider.tsx","statementMap":{"0":{"start":{"line":26,"column":28},"end":{"line":26,"column":57}},"1":{"start":{"line":27,"column":38},"end":{"line":27,"column":71}},"2":{"start":{"line":28,"column":16},"end":{"line":28,"column":33}},"3":{"start":{"line":29,"column":20},"end":{"line":29,"column":34}},"4":{"start":{"line":30,"column":23},"end":{"line":30,"column":45}},"5":{"start":{"line":31,"column":32},"end":{"line":31,"column":59}},"6":{"start":{"line":34,"column":26},"end":{"line":50,"column":3}},"7":{"start":{"line":36,"column":6},"end":{"line":47,"column":7}},"8":{"start":{"line":37,"column":30},"end":{"line":37,"column":65}},"9":{"start":{"line":38,"column":8},"end":{"line":44,"column":9}},"10":{"start":{"line":39,"column":10},"end":{"line":39,"column":75}},"11":{"start":{"line":40,"column":24},"end":{"line":40,"column":71}},"12":{"start":{"line":41,"column":10},"end":{"line":41,"column":38}},"13":{"start":{"line":42,"column":10},"end":{"line":42,"column":44}},"14":{"start":{"line":43,"column":10},"end":{"line":43,"column":48}},"15":{"start":{"line":46,"column":8},"end":{"line":46,"column":65}},"16":{"start":{"line":52,"column":28},"end":{"line":76,"column":30}},"17":{"start":{"line":53,"column":4},"end":{"line":53,"column":27}},"18":{"start":{"line":54,"column":4},"end":{"line":75,"column":5}},"19":{"start":{"line":55,"column":25},"end":{"line":55,"column":64}},"20":{"start":{"line":56,"column":6},"end":{"line":70,"column":7}},"21":{"start":{"line":57,"column":8},"end":{"line":57,"column":41}},"22":{"start":{"line":58,"column":8},"end":{"line":58,"column":47}},"23":{"start":{"line":59,"column":8},"end":{"line":59,"column":51}},"24":{"start":{"line":60,"column":8},"end":{"line":60,"column":32}},"25":{"start":{"line":61,"column":8},"end":{"line":61,"column":35}},"26":{"start":{"line":62,"column":8},"end":{"line":62,"column":49}},"27":{"start":{"line":64,"column":22},"end":{"line":64,"column":69}},"28":{"start":{"line":65,"column":8},"end":{"line":65,"column":36}},"29":{"start":{"line":66,"column":8},"end":{"line":66,"column":42}},"30":{"start":{"line":67,"column":8},"end":{"line":67,"column":46}},"31":{"start":{"line":68,"column":8},"end":{"line":68,"column":32}},"32":{"start":{"line":69,"column":8},"end":{"line":69,"column":35}},"33":{"start":{"line":72,"column":6},"end":{"line":72,"column":57}},"34":{"start":{"line":73,"column":6},"end":{"line":73,"column":30}},"35":{"start":{"line":74,"column":6},"end":{"line":74,"column":71}},"36":{"start":{"line":79,"column":26},"end":{"line":125,"column":3}},"37":{"start":{"line":81,"column":6},"end":{"line":81,"column":34}},"38":{"start":{"line":84,"column":19},"end":{"line":84,"column":70}},"39":{"start":{"line":84,"column":67},"end":{"line":84,"column":69}},"40":{"start":{"line":85,"column":6},"end":{"line":88,"column":7}},"41":{"start":{"line":86,"column":24},"end":{"line":86,"column":99}},"42":{"start":{"line":87,"column":8},"end":{"line":87,"column":27}},"43":{"start":{"line":89,"column":6},"end":{"line":89,"column":34}},"44":{"start":{"line":91,"column":26},"end":{"line":91,"column":35}},"45":{"start":{"line":92,"column":6},"end":{"line":92,"column":47}},"46":{"start":{"line":95,"column":25},"end":{"line":100,"column":7}},"47":{"start":{"line":97,"column":22},"end":{"line":97,"column":79}},"48":{"start":{"line":97,"column":75},"end":{"line":97,"column":77}},"49":{"start":{"line":98,"column":10},"end":{"line":98,"column":57}},"50":{"start":{"line":101,"column":29},"end":{"line":101,"column":59}},"51":{"start":{"line":102,"column":6},"end":{"line":102,"column":46}},"52":{"start":{"line":104,"column":30},"end":{"line":104,"column":66}},"53":{"start":{"line":105,"column":30},"end":{"line":105,"column":46}},"54":{"start":{"line":106,"column":25},"end":{"line":106,"column":91}},"55":{"start":{"line":106,"column":68},"end":{"line":106,"column":83}},"56":{"start":{"line":107,"column":25},"end":{"line":107,"column":91}},"57":{"start":{"line":107,"column":68},"end":{"line":107,"column":83}},"58":{"start":{"line":109,"column":6},"end":{"line":112,"column":7}},"59":{"start":{"line":110,"column":8},"end":{"line":110,"column":73}},"60":{"start":{"line":110,"column":28},"end":{"line":110,"column":73}},"61":{"start":{"line":111,"column":8},"end":{"line":111,"column":15}},"62":{"start":{"line":115,"column":6},"end":{"line":122,"column":7}},"63":{"start":{"line":116,"column":8},"end":{"line":116,"column":104}},"64":{"start":{"line":117,"column":13},"end":{"line":122,"column":7}},"65":{"start":{"line":118,"column":8},"end":{"line":118,"column":53}},"66":{"start":{"line":119,"column":13},"end":{"line":122,"column":7}},"67":{"start":{"line":120,"column":8},"end":{"line":120,"column":89}},"68":{"start":{"line":121,"column":8},"end":{"line":121,"column":57}},"69":{"start":{"line":127,"column":28},"end":{"line":148,"column":3}},"70":{"start":{"line":129,"column":6},"end":{"line":129,"column":30}},"71":{"start":{"line":129,"column":23},"end":{"line":129,"column":30}},"72":{"start":{"line":130,"column":64},"end":{"line":130,"column":74}},"73":{"start":{"line":131,"column":6},"end":{"line":131,"column":26}},"74":{"start":{"line":134,"column":6},"end":{"line":140,"column":7}},"75":{"start":{"line":135,"column":8},"end":{"line":135,"column":79}},"76":{"start":{"line":136,"column":13},"end":{"line":140,"column":7}},"77":{"start":{"line":137,"column":8},"end":{"line":137,"column":32}},"78":{"start":{"line":139,"column":8},"end":{"line":139,"column":32}},"79":{"start":{"line":142,"column":6},"end":{"line":142,"column":41}},"80":{"start":{"line":143,"column":6},"end":{"line":145,"column":7}},"81":{"start":{"line":144,"column":8},"end":{"line":144,"column":86}},"82":{"start":{"line":151,"column":2},"end":{"line":172,"column":9}},"83":{"start":{"line":152,"column":22},"end":{"line":169,"column":5}},"84":{"start":{"line":153,"column":6},"end":{"line":153,"column":33}},"85":{"start":{"line":154,"column":19},"end":{"line":154,"column":53}},"86":{"start":{"line":155,"column":6},"end":{"line":155,"column":40}},"87":{"start":{"line":155,"column":16},"end":{"line":155,"column":40}},"88":{"start":{"line":156,"column":6},"end":{"line":156,"column":34}},"89":{"start":{"line":158,"column":6},"end":{"line":158,"column":32}},"90":{"start":{"line":159,"column":6},"end":{"line":159,"column":35}},"91":{"start":{"line":162,"column":23},"end":{"line":162,"column":93}},"92":{"start":{"line":162,"column":68},"end":{"line":162,"column":74}},"93":{"start":{"line":163,"column":6},"end":{"line":163,"column":48}},"94":{"start":{"line":165,"column":6},"end":{"line":168,"column":7}},"95":{"start":{"line":166,"column":8},"end":{"line":166,"column":48}},"96":{"start":{"line":167,"column":8},"end":{"line":167,"column":50}},"97":{"start":{"line":171,"column":4},"end":{"line":171,"column":21}},"98":{"start":{"line":175,"column":2},"end":{"line":202,"column":42}},"99":{"start":{"line":178,"column":8},"end":{"line":199,"column":6}},"100":{"start":{"line":179,"column":6},"end":{"line":198,"column":7}},"101":{"start":{"line":180,"column":18},"end":{"line":180,"column":30}},"102":{"start":{"line":181,"column":21},"end":{"line":186,"column":9}},"103":{"start":{"line":187,"column":8},"end":{"line":187,"column":32}},"104":{"start":{"line":188,"column":27},"end":{"line":188,"column":68}},"105":{"start":{"line":189,"column":8},"end":{"line":189,"column":45}},"106":{"start":{"line":190,"column":8},"end":{"line":190,"column":62}},"107":{"start":{"line":191,"column":13},"end":{"line":198,"column":7}},"108":{"start":{"line":192,"column":8},"end":{"line":192,"column":32}},"109":{"start":{"line":193,"column":8},"end":{"line":193,"column":34}},"110":{"start":{"line":194,"column":8},"end":{"line":194,"column":32}},"111":{"start":{"line":195,"column":8},"end":{"line":195,"column":37}},"112":{"start":{"line":196,"column":8},"end":{"line":196,"column":36}},"113":{"start":{"line":197,"column":8},"end":{"line":197,"column":40}},"114":{"start":{"line":201,"column":4},"end":{"line":201,"column":44}},"115":{"start":{"line":201,"column":17},"end":{"line":201,"column":43}},"116":{"start":{"line":204,"column":2},"end":{"line":211,"column":3}},"117":{"start":{"line":205,"column":4},"end":{"line":210,"column":6}},"118":{"start":{"line":213,"column":2},"end":{"line":215,"column":3}},"119":{"start":{"line":214,"column":4},"end":{"line":214,"column":23}},"120":{"start":{"line":217,"column":2},"end":{"line":231,"column":4}},"121":{"start":{"line":223,"column":71},"end":{"line":223,"column":86}},"122":{"start":{"line":226,"column":71},"end":{"line":226,"column":86}},"123":{"start":{"line":234,"column":15},"end":{"line":238,"column":2}}},"fnMap":{"0":{"name":"CatalogProvider","decl":{"start":{"line":25,"column":16},"end":{"line":25,"column":31}},"loc":{"start":{"line":25,"column":77},"end":{"line":232,"column":1}},"line":25},"1":{"name":"(anonymous_1)","decl":{"start":{"line":35,"column":4},"end":{"line":35,"column":5}},"loc":{"start":{"line":35,"column":38},"end":{"line":48,"column":5}},"line":35},"2":{"name":"(anonymous_2)","decl":{"start":{"line":52,"column":40},"end":{"line":52,"column":41}},"loc":{"start":{"line":52,"column":52},"end":{"line":76,"column":3}},"line":52},"3":{"name":"(anonymous_3)","decl":{"start":{"line":80,"column":4},"end":{"line":80,"column":5}},"loc":{"start":{"line":80,"column":68},"end":{"line":123,"column":5}},"line":80},"4":{"name":"(anonymous_4)","decl":{"start":{"line":84,"column":61},"end":{"line":84,"column":62}},"loc":{"start":{"line":84,"column":67},"end":{"line":84,"column":69}},"line":84},"5":{"name":"(anonymous_5)","decl":{"start":{"line":96,"column":19},"end":{"line":96,"column":20}},"loc":{"start":{"line":96,"column":30},"end":{"line":99,"column":9}},"line":96},"6":{"name":"(anonymous_6)","decl":{"start":{"line":97,"column":68},"end":{"line":97,"column":69}},"loc":{"start":{"line":97,"column":75},"end":{"line":97,"column":77}},"line":97},"7":{"name":"(anonymous_7)","decl":{"start":{"line":106,"column":63},"end":{"line":106,"column":64}},"loc":{"start":{"line":106,"column":68},"end":{"line":106,"column":83}},"line":106},"8":{"name":"(anonymous_8)","decl":{"start":{"line":107,"column":63},"end":{"line":107,"column":64}},"loc":{"start":{"line":107,"column":68},"end":{"line":107,"column":83}},"line":107},"9":{"name":"(anonymous_9)","decl":{"start":{"line":128,"column":4},"end":{"line":128,"column":5}},"loc":{"start":{"line":128,"column":35},"end":{"line":146,"column":5}},"line":128},"10":{"name":"(anonymous_10)","decl":{"start":{"line":151,"column":12},"end":{"line":151,"column":13}},"loc":{"start":{"line":151,"column":18},"end":{"line":172,"column":3}},"line":151},"11":{"name":"(anonymous_11)","decl":{"start":{"line":152,"column":22},"end":{"line":152,"column":23}},"loc":{"start":{"line":152,"column":34},"end":{"line":169,"column":5}},"line":152},"12":{"name":"(anonymous_12)","decl":{"start":{"line":162,"column":63},"end":{"line":162,"column":64}},"loc":{"start":{"line":162,"column":68},"end":{"line":162,"column":74}},"line":162},"13":{"name":"(anonymous_13)","decl":{"start":{"line":175,"column":12},"end":{"line":175,"column":13}},"loc":{"start":{"line":175,"column":18},"end":{"line":202,"column":3}},"line":175},"14":{"name":"(anonymous_14)","decl":{"start":{"line":178,"column":40},"end":{"line":178,"column":41}},"loc":{"start":{"line":178,"column":66},"end":{"line":199,"column":5}},"line":178},"15":{"name":"(anonymous_15)","decl":{"start":{"line":201,"column":11},"end":{"line":201,"column":12}},"loc":{"start":{"line":201,"column":17},"end":{"line":201,"column":43}},"line":201},"16":{"name":"(anonymous_16)","decl":{"start":{"line":223,"column":66},"end":{"line":223,"column":67}},"loc":{"start":{"line":223,"column":71},"end":{"line":223,"column":86}},"line":223},"17":{"name":"(anonymous_17)","decl":{"start":{"line":226,"column":66},"end":{"line":226,"column":67}},"loc":{"start":{"line":226,"column":71},"end":{"line":226,"column":86}},"line":226}},"branchMap":{"0":{"loc":{"start":{"line":38,"column":8},"end":{"line":44,"column":9}},"type":"if","locations":[{"start":{"line":38,"column":8},"end":{"line":44,"column":9}},{"start":{},"end":{}}],"line":38},"1":{"loc":{"start":{"line":38,"column":12},"end":{"line":38,"column":68}},"type":"binary-expr","locations":[{"start":{"line":38,"column":12},"end":{"line":38,"column":34}},{"start":{"line":38,"column":38},"end":{"line":38,"column":68}}],"line":38},"2":{"loc":{"start":{"line":56,"column":6},"end":{"line":70,"column":7}},"type":"if","locations":[{"start":{"line":56,"column":6},"end":{"line":70,"column":7}},{"start":{"line":63,"column":13},"end":{"line":70,"column":7}}],"line":56},"3":{"loc":{"start":{"line":80,"column":45},"end":{"line":80,"column":63}},"type":"default-arg","locations":[{"start":{"line":80,"column":58},"end":{"line":80,"column":63}}],"line":80},"4":{"loc":{"start":{"line":85,"column":6},"end":{"line":88,"column":7}},"type":"if","locations":[{"start":{"line":85,"column":6},"end":{"line":88,"column":7}},{"start":{},"end":{}}],"line":85},"5":{"loc":{"start":{"line":104,"column":30},"end":{"line":104,"column":66}},"type":"binary-expr","locations":[{"start":{"line":104,"column":30},"end":{"line":104,"column":60}},{"start":{"line":104,"column":64},"end":{"line":104,"column":66}}],"line":104},"6":{"loc":{"start":{"line":109,"column":6},"end":{"line":112,"column":7}},"type":"if","locations":[{"start":{"line":109,"column":6},"end":{"line":112,"column":7}},{"start":{},"end":{}}],"line":109},"7":{"loc":{"start":{"line":110,"column":8},"end":{"line":110,"column":73}},"type":"if","locations":[{"start":{"line":110,"column":8},"end":{"line":110,"column":73}},{"start":{},"end":{}}],"line":110},"8":{"loc":{"start":{"line":115,"column":6},"end":{"line":122,"column":7}},"type":"if","locations":[{"start":{"line":115,"column":6},"end":{"line":122,"column":7}},{"start":{"line":117,"column":13},"end":{"line":122,"column":7}}],"line":115},"9":{"loc":{"start":{"line":115,"column":10},"end":{"line":115,"column":42}},"type":"binary-expr","locations":[{"start":{"line":115,"column":10},"end":{"line":115,"column":24}},{"start":{"line":115,"column":28},"end":{"line":115,"column":42}}],"line":115},"10":{"loc":{"start":{"line":117,"column":13},"end":{"line":122,"column":7}},"type":"if","locations":[{"start":{"line":117,"column":13},"end":{"line":122,"column":7}},{"start":{"line":119,"column":13},"end":{"line":122,"column":7}}],"line":117},"11":{"loc":{"start":{"line":119,"column":13},"end":{"line":122,"column":7}},"type":"if","locations":[{"start":{"line":119,"column":13},"end":{"line":122,"column":7}},{"start":{},"end":{}}],"line":119},"12":{"loc":{"start":{"line":129,"column":6},"end":{"line":129,"column":30}},"type":"if","locations":[{"start":{"line":129,"column":6},"end":{"line":129,"column":30}},{"start":{},"end":{}}],"line":129},"13":{"loc":{"start":{"line":134,"column":6},"end":{"line":140,"column":7}},"type":"if","locations":[{"start":{"line":134,"column":6},"end":{"line":140,"column":7}},{"start":{"line":136,"column":13},"end":{"line":140,"column":7}}],"line":134},"14":{"loc":{"start":{"line":136,"column":13},"end":{"line":140,"column":7}},"type":"if","locations":[{"start":{"line":136,"column":13},"end":{"line":140,"column":7}},{"start":{"line":138,"column":13},"end":{"line":140,"column":7}}],"line":136},"15":{"loc":{"start":{"line":143,"column":6},"end":{"line":145,"column":7}},"type":"if","locations":[{"start":{"line":143,"column":6},"end":{"line":145,"column":7}},{"start":{},"end":{}}],"line":143},"16":{"loc":{"start":{"line":155,"column":6},"end":{"line":155,"column":40}},"type":"if","locations":[{"start":{"line":155,"column":6},"end":{"line":155,"column":40}},{"start":{},"end":{}}],"line":155},"17":{"loc":{"start":{"line":165,"column":6},"end":{"line":168,"column":7}},"type":"if","locations":[{"start":{"line":165,"column":6},"end":{"line":168,"column":7}},{"start":{},"end":{}}],"line":165},"18":{"loc":{"start":{"line":179,"column":6},"end":{"line":198,"column":7}},"type":"if","locations":[{"start":{"line":179,"column":6},"end":{"line":198,"column":7}},{"start":{"line":191,"column":13},"end":{"line":198,"column":7}}],"line":179},"19":{"loc":{"start":{"line":179,"column":10},"end":{"line":179,"column":42}},"type":"binary-expr","locations":[{"start":{"line":179,"column":10},"end":{"line":179,"column":31}},{"start":{"line":179,"column":35},"end":{"line":179,"column":42}}],"line":179},"20":{"loc":{"start":{"line":183,"column":17},"end":{"line":183,"column":30}},"type":"binary-expr","locations":[{"start":{"line":183,"column":17},"end":{"line":183,"column":24}},{"start":{"line":183,"column":28},"end":{"line":183,"column":30}}],"line":183},"21":{"loc":{"start":{"line":184,"column":16},"end":{"line":184,"column":66}},"type":"binary-expr","locations":[{"start":{"line":184,"column":16},"end":{"line":184,"column":42}},{"start":{"line":184,"column":46},"end":{"line":184,"column":53}},{"start":{"line":184,"column":57},"end":{"line":184,"column":66}}],"line":184},"22":{"loc":{"start":{"line":191,"column":13},"end":{"line":198,"column":7}},"type":"if","locations":[{"start":{"line":191,"column":13},"end":{"line":198,"column":7}},{"start":{},"end":{}}],"line":191},"23":{"loc":{"start":{"line":204,"column":2},"end":{"line":211,"column":3}},"type":"if","locations":[{"start":{"line":204,"column":2},"end":{"line":211,"column":3}},{"start":{},"end":{}}],"line":204},"24":{"loc":{"start":{"line":213,"column":2},"end":{"line":215,"column":3}},"type":"if","locations":[{"start":{"line":213,"column":2},"end":{"line":215,"column":3}},{"start":{},"end":{}}],"line":213},"25":{"loc":{"start":{"line":213,"column":6},"end":{"line":213,"column":49}},"type":"binary-expr","locations":[{"start":{"line":213,"column":6},"end":{"line":213,"column":26}},{"start":{"line":213,"column":30},"end":{"line":213,"column":49}}],"line":213},"26":{"loc":{"start":{"line":221,"column":17},"end":{"line":221,"column":45}},"type":"binary-expr","locations":[{"start":{"line":221,"column":17},"end":{"line":221,"column":36}},{"start":{"line":221,"column":40},"end":{"line":221,"column":45}}],"line":221},"27":{"loc":{"start":{"line":223,"column":24},"end":{"line":223,"column":57}},"type":"binary-expr","locations":[{"start":{"line":223,"column":24},"end":{"line":223,"column":51}},{"start":{"line":223,"column":55},"end":{"line":223,"column":57}}],"line":223},"28":{"loc":{"start":{"line":226,"column":24},"end":{"line":226,"column":57}},"type":"binary-expr","locations":[{"start":{"line":226,"column":24},"end":{"line":226,"column":51}},{"start":{"line":226,"column":55},"end":{"line":226,"column":57}}],"line":226}},"s":{"0":0,"1":0,"2":0,"3":0,"4":0,"5":0,"6":0,"7":0,"8":0,"9":0,"10":0,"11":0,"12":0,"13":0,"14":0,"15":0,"16":0,"17":0,"18":0,"19":0,"20":0,"21":0,"22":0,"23":0,"24":0,"25":0,"26":0,"27":0,"28":0,"29":0,"30":0,"31":0,"32":0,"33":0,"34":0,"35":0,"36":0,"37":0,"38":0,"39":0,"40":0,"41":0,"42":0,"43":0,"44":0,"45":0,"46":0,"47":0,"48":0,"49":0,"50":0,"51":0,"52":0,"53":0,"54":0,"55":0,"56":0,"57":0,"58":0,"59":0,"60":0,"61":0,"62":0,"63":0,"64":0,"65":0,"66":0,"67":0,"68":0,"69":0,"70":0,"71":0,"72":0,"73":0,"74":0,"75":0,"76":0,"77":0,"78":0,"79":0,"80":0,"81":0,"82":0,"83":0,"84":0,"85":0,"86":0,"87":0,"88":0,"89":0,"90":0,"91":0,"92":0,"93":0,"94":0,"95":0,"96":0,"97":0,"98":0,"99":0,"100":0,"101":0,"102":0,"103":0,"104":0,"105":0,"106":0,"107":0,"108":0,"109":0,"110":0,"111":0,"112":0,"113":0,"114":0,"115":0,"116":0,"117":0,"118":0,"119":0,"120":0,"121":0,"122":0,"123":0},"f":{"0":0,"1":0,"2":0,"3":0,"4":0,"5":0,"6":0,"7":0,"8":0,"9":0,"10":0,"11":0,"12":0,"13":0,"14":0,"15":0,"16":0,"17":0},"b":{"0":[0,0],"1":[0,0],"2":[0,0],"3":[0],"4":[0,0],"5":[0,0],"6":[0,0],"7":[0,0],"8":[0,0],"9":[0,0],"10":[0,0],"11":[0,0],"12":[0,0],"13":[0,0],"14":[0,0],"15":[0,0],"16":[0,0],"17":[0,0],"18":[0,0],"19":[0,0],"20":[0,0],"21":[0,0,0],"22":[0,0],"23":[0,0],"24":[0,0],"25":[0,0],"26":[0,0],"27":[0,0],"28":[0,0]}}
,"C:\\Users\\RobertoManera\\OneDrive - Kbase\\ProjetosClaude\\AppAlbum\\album-copa-2026\\src\\modules\\album\\components\\StickerCard.tsx": {"path":"C:\\Users\\RobertoManera\\OneDrive - Kbase\\ProjetosClaude\\AppAlbum\\album-copa-2026\\src\\modules\\album\\components\\StickerCard.tsx","statementMap":{"0":{"start":{"line":7,"column":98},"end":{"line":19,"column":1}},"1":{"start":{"line":28,"column":55},"end":{"line":28,"column":72}},"2":{"start":{"line":29,"column":17},"end":{"line":29,"column":39}},"3":{"start":{"line":30,"column":16},"end":{"line":30,"column":35}},"4":{"start":{"line":31,"column":22},"end":{"line":31,"column":49}},"5":{"start":{"line":33,"column":2},"end":{"line":54,"column":4}},"6":{"start":{"line":41,"column":21},"end":{"line":41,"column":47}},"7":{"start":{"line":57,"column":15},"end":{"line":69,"column":2}}},"fnMap":{"0":{"name":"StickerCard","decl":{"start":{"line":27,"column":16},"end":{"line":27,"column":27}},"loc":{"start":{"line":27,"column":82},"end":{"line":55,"column":1}},"line":27},"1":{"name":"(anonymous_1)","decl":{"start":{"line":41,"column":15},"end":{"line":41,"column":16}},"loc":{"start":{"line":41,"column":21},"end":{"line":41,"column":47}},"line":41}},"branchMap":{"0":{"loc":{"start":{"line":38,"column":8},"end":{"line":38,"column":75}},"type":"cond-expr","locations":[{"start":{"line":38,"column":23},"end":{"line":38,"column":68}},{"start":{"line":38,"column":71},"end":{"line":38,"column":75}}],"line":38},"1":{"loc":{"start":{"line":39,"column":8},"end":{"line":39,"column":47}},"type":"cond-expr","locations":[{"start":{"line":39,"column":22},"end":{"line":39,"column":40}},{"start":{"line":39,"column":43},"end":{"line":39,"column":47}}],"line":39},"2":{"loc":{"start":{"line":45,"column":7},"end":{"line":49,"column":7}},"type":"binary-expr","locations":[{"start":{"line":45,"column":7},"end":{"line":45,"column":18}},{"start":{"line":46,"column":8},"end":{"line":48,"column":15}}],"line":45},"3":{"loc":{"start":{"line":50,"column":7},"end":{"line":52,"column":7}},"type":"binary-expr","locations":[{"start":{"line":50,"column":7},"end":{"line":50,"column":18}},{"start":{"line":51,"column":8},"end":{"line":51,"column":48}}],"line":50}},"s":{"0":0,"1":0,"2":0,"3":0,"4":0,"5":0,"6":0,"7":0},"f":{"0":0,"1":0},"b":{"0":[0,0],"1":[0,0],"2":[0,0],"3":[0,0]}}
,"C:\\Users\\RobertoManera\\OneDrive - Kbase\\ProjetosClaude\\AppAlbum\\album-copa-2026\\src\\modules\\album\\screens\\AlbumListScreen.tsx": {"path":"C:\\Users\\RobertoManera\\OneDrive - Kbase\\ProjetosClaude\\AppAlbum\\album-copa-2026\\src\\modules\\album\\screens\\AlbumListScreen.tsx","statementMap":{"0":{"start":{"line":26,"column":21},"end":{"line":26,"column":72}},"1":{"start":{"line":27,"column":28},"end":{"line":27,"column":40}},"2":{"start":{"line":28,"column":42},"end":{"line":28,"column":54}},"3":{"start":{"line":29,"column":38},"end":{"line":29,"column":53}},"4":{"start":{"line":30,"column":107},"end":{"line":30,"column":124}},"5":{"start":{"line":31,"column":27},"end":{"line":31,"column":49}},"6":{"start":{"line":33,"column":20},"end":{"line":42,"column":42}},"7":{"start":{"line":34,"column":4},"end":{"line":34,"column":35}},"8":{"start":{"line":34,"column":28},"end":{"line":34,"column":35}},"9":{"start":{"line":35,"column":4},"end":{"line":35,"column":24}},"10":{"start":{"line":36,"column":4},"end":{"line":41,"column":5}},"11":{"start":{"line":37,"column":20},"end":{"line":37,"column":72}},"12":{"start":{"line":38,"column":6},"end":{"line":38,"column":35}},"13":{"start":{"line":40,"column":6},"end":{"line":40,"column":27}},"14":{"start":{"line":45,"column":25},"end":{"line":51,"column":32}},"15":{"start":{"line":46,"column":16},"end":{"line":46,"column":33}},"16":{"start":{"line":47,"column":4},"end":{"line":49,"column":5}},"17":{"start":{"line":48,"column":6},"end":{"line":48,"column":86}},"18":{"start":{"line":48,"column":70},"end":{"line":48,"column":86}},"19":{"start":{"line":50,"column":4},"end":{"line":50,"column":34}},"20":{"start":{"line":54,"column":28},"end":{"line":61,"column":32}},"21":{"start":{"line":55,"column":4},"end":{"line":55,"column":35}},"22":{"start":{"line":55,"column":23},"end":{"line":55,"column":35}},"23":{"start":{"line":56,"column":16},"end":{"line":56,"column":33}},"24":{"start":{"line":57,"column":4},"end":{"line":59,"column":5}},"25":{"start":{"line":58,"column":6},"end":{"line":58,"column":57}},"26":{"start":{"line":58,"column":35},"end":{"line":58,"column":57}},"27":{"start":{"line":60,"column":4},"end":{"line":60,"column":15}},"28":{"start":{"line":63,"column":19},"end":{"line":69,"column":4}},"29":{"start":{"line":65,"column":6},"end":{"line":66,"column":63}},"30":{"start":{"line":67,"column":24},"end":{"line":67,"column":73}},"31":{"start":{"line":68,"column":4},"end":{"line":68,"column":38}},"32":{"start":{"line":71,"column":23},"end":{"line":78,"column":3}},"33":{"start":{"line":72,"column":21},"end":{"line":74,"column":66}},"34":{"start":{"line":73,"column":19},"end":{"line":73,"column":45}},"35":{"start":{"line":74,"column":19},"end":{"line":74,"column":65}},"36":{"start":{"line":75,"column":18},"end":{"line":75,"column":92}},"37":{"start":{"line":75,"column":39},"end":{"line":75,"column":84}},"38":{"start":{"line":76,"column":16},"end":{"line":76,"column":92}},"39":{"start":{"line":76,"column":37},"end":{"line":76,"column":84}},"40":{"start":{"line":77,"column":4},"end":{"line":77,"column":50}},"41":{"start":{"line":80,"column":21},"end":{"line":107,"column":3}},"42":{"start":{"line":81,"column":34},"end":{"line":81,"column":55}},"43":{"start":{"line":82,"column":21},"end":{"line":82,"column":50}},"44":{"start":{"line":83,"column":4},"end":{"line":106,"column":6}},"45":{"start":{"line":87,"column":10},"end":{"line":87,"column":91}},"46":{"start":{"line":109,"column":2},"end":{"line":160,"column":4}},"47":{"start":{"line":132,"column":29},"end":{"line":132,"column":48}},"48":{"start":{"line":137,"column":14},"end":{"line":145,"column":33}},"49":{"start":{"line":140,"column":31},"end":{"line":140,"column":75}},"50":{"start":{"line":152,"column":30},"end":{"line":152,"column":37}},"51":{"start":{"line":163,"column":15},"end":{"line":209,"column":2}}},"fnMap":{"0":{"name":"AlbumListScreen","decl":{"start":{"line":25,"column":16},"end":{"line":25,"column":31}},"loc":{"start":{"line":25,"column":34},"end":{"line":161,"column":1}},"line":25},"1":{"name":"(anonymous_1)","decl":{"start":{"line":33,"column":32},"end":{"line":33,"column":33}},"loc":{"start":{"line":33,"column":44},"end":{"line":42,"column":3}},"line":33},"2":{"name":"(anonymous_2)","decl":{"start":{"line":45,"column":33},"end":{"line":45,"column":34}},"loc":{"start":{"line":45,"column":39},"end":{"line":51,"column":3}},"line":45},"3":{"name":"(anonymous_3)","decl":{"start":{"line":54,"column":36},"end":{"line":54,"column":37}},"loc":{"start":{"line":54,"column":42},"end":{"line":61,"column":3}},"line":54},"4":{"name":"(anonymous_4)","decl":{"start":{"line":63,"column":35},"end":{"line":63,"column":36}},"loc":{"start":{"line":63,"column":40},"end":{"line":69,"column":3}},"line":63},"5":{"name":"(anonymous_5)","decl":{"start":{"line":71,"column":23},"end":{"line":71,"column":24}},"loc":{"start":{"line":71,"column":46},"end":{"line":78,"column":3}},"line":71},"6":{"name":"(anonymous_6)","decl":{"start":{"line":73,"column":14},"end":{"line":73,"column":15}},"loc":{"start":{"line":73,"column":19},"end":{"line":73,"column":45}},"line":73},"7":{"name":"(anonymous_7)","decl":{"start":{"line":74,"column":14},"end":{"line":74,"column":15}},"loc":{"start":{"line":74,"column":19},"end":{"line":74,"column":65}},"line":74},"8":{"name":"(anonymous_8)","decl":{"start":{"line":75,"column":34},"end":{"line":75,"column":35}},"loc":{"start":{"line":75,"column":39},"end":{"line":75,"column":84}},"line":75},"9":{"name":"(anonymous_9)","decl":{"start":{"line":76,"column":32},"end":{"line":76,"column":33}},"loc":{"start":{"line":76,"column":37},"end":{"line":76,"column":84}},"line":76},"10":{"name":"(anonymous_10)","decl":{"start":{"line":80,"column":21},"end":{"line":80,"column":22}},"loc":{"start":{"line":80,"column":54},"end":{"line":107,"column":3}},"line":80},"11":{"name":"(anonymous_11)","decl":{"start":{"line":86,"column":17},"end":{"line":86,"column":18}},"loc":{"start":{"line":87,"column":10},"end":{"line":87,"column":91}},"line":87},"12":{"name":"(anonymous_12)","decl":{"start":{"line":132,"column":23},"end":{"line":132,"column":24}},"loc":{"start":{"line":132,"column":29},"end":{"line":132,"column":48}},"line":132},"13":{"name":"(anonymous_13)","decl":{"start":{"line":136,"column":32},"end":{"line":136,"column":33}},"loc":{"start":{"line":137,"column":14},"end":{"line":145,"column":33}},"line":137},"14":{"name":"(anonymous_14)","decl":{"start":{"line":140,"column":25},"end":{"line":140,"column":26}},"loc":{"start":{"line":140,"column":31},"end":{"line":140,"column":75}},"line":140},"15":{"name":"(anonymous_15)","decl":{"start":{"line":152,"column":22},"end":{"line":152,"column":23}},"loc":{"start":{"line":152,"column":30},"end":{"line":152,"column":37}},"line":152}},"branchMap":{"0":{"loc":{"start":{"line":34,"column":4},"end":{"line":34,"column":35}},"type":"if","locations":[{"start":{"line":34,"column":4},"end":{"line":34,"column":35}},{"start":{},"end":{}}],"line":34},"1":{"loc":{"start":{"line":48,"column":6},"end":{"line":48,"column":86}},"type":"if","locations":[{"start":{"line":48,"column":6},"end":{"line":48,"column":86}},{"start":{},"end":{}}],"line":48},"2":{"loc":{"start":{"line":48,"column":10},"end":{"line":48,"column":68}},"type":"binary-expr","locations":[{"start":{"line":48,"column":10},"end":{"line":48,"column":16}},{"start":{"line":48,"column":21},"end":{"line":48,"column":34}},{"start":{"line":48,"column":38},"end":{"line":48,"column":67}}],"line":48},"3":{"loc":{"start":{"line":55,"column":4},"end":{"line":55,"column":35}},"type":"if","locations":[{"start":{"line":55,"column":4},"end":{"line":55,"column":35}},{"start":{},"end":{}}],"line":55},"4":{"loc":{"start":{"line":58,"column":6},"end":{"line":58,"column":57}},"type":"if","locations":[{"start":{"line":58,"column":6},"end":{"line":58,"column":57}},{"start":{},"end":{}}],"line":58},"5":{"loc":{"start":{"line":65,"column":6},"end":{"line":66,"column":63}},"type":"binary-expr","locations":[{"start":{"line":65,"column":6},"end":{"line":65,"column":56}},{"start":{"line":66,"column":6},"end":{"line":66,"column":63}}],"line":65},"6":{"loc":{"start":{"line":67,"column":24},"end":{"line":67,"column":73}},"type":"binary-expr","locations":[{"start":{"line":67,"column":24},"end":{"line":67,"column":42}},{"start":{"line":67,"column":46},"end":{"line":67,"column":73}}],"line":67},"7":{"loc":{"start":{"line":68,"column":11},"end":{"line":68,"column":37}},"type":"binary-expr","locations":[{"start":{"line":68,"column":11},"end":{"line":68,"column":22}},{"start":{"line":68,"column":26},"end":{"line":68,"column":37}}],"line":68},"8":{"loc":{"start":{"line":74,"column":19},"end":{"line":74,"column":65}},"type":"binary-expr","locations":[{"start":{"line":74,"column":19},"end":{"line":74,"column":32}},{"start":{"line":74,"column":36},"end":{"line":74,"column":65}}],"line":74},"9":{"loc":{"start":{"line":75,"column":40},"end":{"line":75,"column":69}},"type":"binary-expr","locations":[{"start":{"line":75,"column":40},"end":{"line":75,"column":56}},{"start":{"line":75,"column":60},"end":{"line":75,"column":69}}],"line":75},"10":{"loc":{"start":{"line":76,"column":38},"end":{"line":76,"column":67}},"type":"binary-expr","locations":[{"start":{"line":76,"column":38},"end":{"line":76,"column":54}},{"start":{"line":76,"column":58},"end":{"line":76,"column":67}}],"line":76},"11":{"loc":{"start":{"line":82,"column":21},"end":{"line":82,"column":50}},"type":"cond-expr","locations":[{"start":{"line":82,"column":33},"end":{"line":82,"column":46}},{"start":{"line":82,"column":49},"end":{"line":82,"column":50}}],"line":82},"12":{"loc":{"start":{"line":99,"column":9},"end":{"line":103,"column":9}},"type":"binary-expr","locations":[{"start":{"line":99,"column":9},"end":{"line":99,"column":16}},{"start":{"line":100,"column":10},"end":{"line":102,"column":17}}],"line":99},"13":{"loc":{"start":{"line":123,"column":9},"end":{"line":148,"column":9}},"type":"binary-expr","locations":[{"start":{"line":123,"column":9},"end":{"line":123,"column":34}},{"start":{"line":124,"column":10},"end":{"line":147,"column":23}}],"line":123},"14":{"loc":{"start":{"line":131,"column":35},"end":{"line":131,"column":69}},"type":"binary-expr","locations":[{"start":{"line":131,"column":35},"end":{"line":131,"column":48}},{"start":{"line":131,"column":52},"end":{"line":131,"column":69}}],"line":131},"15":{"loc":{"start":{"line":134,"column":45},"end":{"line":134,"column":83}},"type":"binary-expr","locations":[{"start":{"line":134,"column":45},"end":{"line":134,"column":58}},{"start":{"line":134,"column":62},"end":{"line":134,"column":83}}],"line":134},"16":{"loc":{"start":{"line":139,"column":37},"end":{"line":139,"column":76}},"type":"binary-expr","locations":[{"start":{"line":139,"column":37},"end":{"line":139,"column":55}},{"start":{"line":139,"column":59},"end":{"line":139,"column":76}}],"line":139},"17":{"loc":{"start":{"line":140,"column":47},"end":{"line":140,"column":74}},"type":"cond-expr","locations":[{"start":{"line":140,"column":68},"end":{"line":140,"column":70}},{"start":{"line":140,"column":73},"end":{"line":140,"column":74}}],"line":140},"18":{"loc":{"start":{"line":142,"column":47},"end":{"line":142,"column":90}},"type":"binary-expr","locations":[{"start":{"line":142,"column":47},"end":{"line":142,"column":65}},{"start":{"line":142,"column":69},"end":{"line":142,"column":90}}],"line":142}},"s":{"0":0,"1":0,"2":0,"3":0,"4":0,"5":0,"6":0,"7":0,"8":0,"9":0,"10":0,"11":0,"12":0,"13":0,"14":0,"15":0,"16":0,"17":0,"18":0,"19":0,"20":0,"21":0,"22":0,"23":0,"24":0,"25":0,"26":0,"27":0,"28":0,"29":0,"30":0,"31":0,"32":0,"33":0,"34":0,"35":0,"36":0,"37":0,"38":0,"39":0,"40":0,"41":0,"42":0,"43":0,"44":0,"45":0,"46":0,"47":0,"48":0,"49":0,"50":0,"51":0},"f":{"0":0,"1":0,"2":0,"3":0,"4":0,"5":0,"6":0,"7":0,"8":0,"9":0,"10":0,"11":0,"12":0,"13":0,"14":0,"15":0},"b":{"0":[0,0],"1":[0,0],"2":[0,0,0],"3":[0,0],"4":[0,0],"5":[0,0],"6":[0,0],"7":[0,0],"8":[0,0],"9":[0,0],"10":[0,0],"11":[0,0],"12":[0,0],"13":[0,0],"14":[0,0],"15":[0,0],"16":[0,0],"17":[0,0],"18":[0,0]}}
,"C:\\Users\\RobertoManera\\OneDrive - Kbase\\ProjetosClaude\\AppAlbum\\album-copa-2026\\src\\modules\\album\\screens\\TeamDetailScreen.tsx": {"path":"C:\\Users\\RobertoManera\\OneDrive - Kbase\\ProjetosClaude\\AppAlbum\\album-copa-2026\\src\\modules\\album\\screens\\TeamDetailScreen.tsx","statementMap":{"0":{"start":{"line":10,"column":20},"end":{"line":10,"column":21}},"1":{"start":{"line":13,"column":24},"end":{"line":13,"column":36}},"2":{"start":{"line":14,"column":37},"end":{"line":14,"column":54}},"3":{"start":{"line":15,"column":27},"end":{"line":15,"column":49}},"4":{"start":{"line":17,"column":23},"end":{"line":23,"column":3}},"5":{"start":{"line":18,"column":4},"end":{"line":21,"column":40}},"6":{"start":{"line":19,"column":19},"end":{"line":19,"column":45}},"7":{"start":{"line":20,"column":19},"end":{"line":20,"column":65}},"8":{"start":{"line":21,"column":22},"end":{"line":21,"column":39}},"9":{"start":{"line":25,"column":16},"end":{"line":25,"column":94}},"10":{"start":{"line":25,"column":41},"end":{"line":25,"column":86}},"11":{"start":{"line":26,"column":19},"end":{"line":26,"column":76}},"12":{"start":{"line":28,"column":2},"end":{"line":54,"column":4}},"13":{"start":{"line":43,"column":30},"end":{"line":43,"column":37}},"14":{"start":{"line":46,"column":10},"end":{"line":48,"column":17}},"15":{"start":{"line":58,"column":2},"end":{"line":63,"column":4}},"16":{"start":{"line":66,"column":15},"end":{"line":84,"column":2}}},"fnMap":{"0":{"name":"TeamDetailScreen","decl":{"start":{"line":12,"column":16},"end":{"line":12,"column":32}},"loc":{"start":{"line":12,"column":67},"end":{"line":55,"column":1}},"line":12},"1":{"name":"(anonymous_1)","decl":{"start":{"line":17,"column":31},"end":{"line":17,"column":32}},"loc":{"start":{"line":18,"column":4},"end":{"line":21,"column":40}},"line":18},"2":{"name":"(anonymous_2)","decl":{"start":{"line":19,"column":14},"end":{"line":19,"column":15}},"loc":{"start":{"line":19,"column":19},"end":{"line":19,"column":45}},"line":19},"3":{"name":"(anonymous_3)","decl":{"start":{"line":20,"column":14},"end":{"line":20,"column":15}},"loc":{"start":{"line":20,"column":19},"end":{"line":20,"column":65}},"line":20},"4":{"name":"(anonymous_4)","decl":{"start":{"line":21,"column":12},"end":{"line":21,"column":13}},"loc":{"start":{"line":21,"column":22},"end":{"line":21,"column":39}},"line":21},"5":{"name":"(anonymous_5)","decl":{"start":{"line":25,"column":36},"end":{"line":25,"column":37}},"loc":{"start":{"line":25,"column":41},"end":{"line":25,"column":86}},"line":25},"6":{"name":"(anonymous_6)","decl":{"start":{"line":43,"column":22},"end":{"line":43,"column":23}},"loc":{"start":{"line":43,"column":30},"end":{"line":43,"column":37}},"line":43},"7":{"name":"(anonymous_7)","decl":{"start":{"line":45,"column":20},"end":{"line":45,"column":21}},"loc":{"start":{"line":46,"column":10},"end":{"line":48,"column":17}},"line":46},"8":{"name":"LegendItem","decl":{"start":{"line":57,"column":9},"end":{"line":57,"column":19}},"loc":{"start":{"line":57,"column":72},"end":{"line":64,"column":1}},"line":57}},"branchMap":{"0":{"loc":{"start":{"line":20,"column":19},"end":{"line":20,"column":65}},"type":"binary-expr","locations":[{"start":{"line":20,"column":19},"end":{"line":20,"column":32}},{"start":{"line":20,"column":36},"end":{"line":20,"column":65}}],"line":20},"1":{"loc":{"start":{"line":25,"column":42},"end":{"line":25,"column":71}},"type":"binary-expr","locations":[{"start":{"line":25,"column":42},"end":{"line":25,"column":58}},{"start":{"line":25,"column":62},"end":{"line":25,"column":71}}],"line":25},"2":{"loc":{"start":{"line":26,"column":19},"end":{"line":26,"column":76}},"type":"cond-expr","locations":[{"start":{"line":26,"column":45},"end":{"line":26,"column":72}},{"start":{"line":26,"column":75},"end":{"line":26,"column":76}}],"line":26}},"s":{"0":0,"1":0,"2":0,"3":0,"4":0,"5":0,"6":0,"7":0,"8":0,"9":0,"10":0,"11":0,"12":0,"13":0,"14":0,"15":0,"16":0},"f":{"0":0,"1":0,"2":0,"3":0,"4":0,"5":0,"6":0,"7":0,"8":0},"b":{"0":[0,0],"1":[0,0],"2":[0,0]}}
,"C:\\Users\\RobertoManera\\OneDrive - Kbase\\ProjetosClaude\\AppAlbum\\album-copa-2026\\src\\modules\\album\\services\\catalogService.ts": {"path":"C:\\Users\\RobertoManera\\OneDrive - Kbase\\ProjetosClaude\\AppAlbum\\album-copa-2026\\src\\modules\\album\\services\\catalogService.ts","statementMap":{"0":{"start":{"line":14,"column":30},"end":{"line":111,"column":1}},"1":{"start":{"line":16,"column":4},"end":{"line":22,"column":5}},"2":{"start":{"line":17,"column":30},"end":{"line":17,"column":85}},"3":{"start":{"line":18,"column":6},"end":{"line":18,"column":29}},"4":{"start":{"line":18,"column":17},"end":{"line":18,"column":29}},"5":{"start":{"line":19,"column":6},"end":{"line":19,"column":34}},"6":{"start":{"line":21,"column":6},"end":{"line":21,"column":62}},"7":{"start":{"line":26,"column":4},"end":{"line":32,"column":5}},"8":{"start":{"line":27,"column":30},"end":{"line":27,"column":80}},"9":{"start":{"line":28,"column":6},"end":{"line":28,"column":29}},"10":{"start":{"line":28,"column":17},"end":{"line":28,"column":29}},"11":{"start":{"line":29,"column":6},"end":{"line":29,"column":27}},"12":{"start":{"line":31,"column":6},"end":{"line":31,"column":58}},"13":{"start":{"line":36,"column":4},"end":{"line":46,"column":5}},"14":{"start":{"line":37,"column":30},"end":{"line":41,"column":23}},"15":{"start":{"line":42,"column":6},"end":{"line":42,"column":29}},"16":{"start":{"line":42,"column":17},"end":{"line":42,"column":29}},"17":{"start":{"line":43,"column":6},"end":{"line":43,"column":39}},"18":{"start":{"line":45,"column":6},"end":{"line":45,"column":58}},"19":{"start":{"line":50,"column":4},"end":{"line":69,"column":5}},"20":{"start":{"line":51,"column":19},"end":{"line":51,"column":23}},"21":{"start":{"line":52,"column":29},"end":{"line":52,"column":31}},"22":{"start":{"line":53,"column":17},"end":{"line":53,"column":18}},"23":{"start":{"line":54,"column":6},"end":{"line":65,"column":7}},"24":{"start":{"line":55,"column":32},"end":{"line":60,"column":39}},"25":{"start":{"line":61,"column":8},"end":{"line":61,"column":31}},"26":{"start":{"line":61,"column":19},"end":{"line":61,"column":31}},"27":{"start":{"line":62,"column":8},"end":{"line":62,"column":54}},"28":{"start":{"line":63,"column":8},"end":{"line":63,"column":47}},"29":{"start":{"line":63,"column":41},"end":{"line":63,"column":47}},"30":{"start":{"line":64,"column":8},"end":{"line":64,"column":21}},"31":{"start":{"line":66,"column":6},"end":{"line":66,"column":17}},"32":{"start":{"line":68,"column":6},"end":{"line":68,"column":61}},"33":{"start":{"line":73,"column":4},"end":{"line":78,"column":5}},"34":{"start":{"line":74,"column":6},"end":{"line":74,"column":84}},"35":{"start":{"line":75,"column":6},"end":{"line":75,"column":91}},"36":{"start":{"line":77,"column":6},"end":{"line":77,"column":66}},"37":{"start":{"line":82,"column":4},"end":{"line":88,"column":5}},"38":{"start":{"line":83,"column":18},"end":{"line":83,"column":72}},"39":{"start":{"line":84,"column":6},"end":{"line":84,"column":60}},"40":{"start":{"line":86,"column":6},"end":{"line":86,"column":64}},"41":{"start":{"line":87,"column":6},"end":{"line":87,"column":18}},"42":{"start":{"line":92,"column":4},"end":{"line":97,"column":5}},"43":{"start":{"line":93,"column":16},"end":{"line":93,"column":72}},"44":{"start":{"line":94,"column":6},"end":{"line":94,"column":34}},"45":{"start":{"line":96,"column":6},"end":{"line":96,"column":18}},"46":{"start":{"line":101,"column":18},"end":{"line":101,"column":39}},"47":{"start":{"line":102,"column":35},"end":{"line":105,"column":6}},"48":{"start":{"line":106,"column":32},"end":{"line":106,"column":63}},"49":{"start":{"line":107,"column":4},"end":{"line":107,"column":39}},"50":{"start":{"line":108,"column":4},"end":{"line":108,"column":59}},"51":{"start":{"line":109,"column":4},"end":{"line":109,"column":17}}},"fnMap":{"0":{"name":"(anonymous_0)","decl":{"start":{"line":15,"column":2},"end":{"line":15,"column":3}},"loc":{"start":{"line":15,"column":47},"end":{"line":23,"column":3}},"line":15},"1":{"name":"(anonymous_1)","decl":{"start":{"line":25,"column":2},"end":{"line":25,"column":3}},"loc":{"start":{"line":25,"column":35},"end":{"line":33,"column":3}},"line":25},"2":{"name":"(anonymous_2)","decl":{"start":{"line":35,"column":2},"end":{"line":35,"column":3}},"loc":{"start":{"line":35,"column":54},"end":{"line":47,"column":3}},"line":35},"3":{"name":"(anonymous_3)","decl":{"start":{"line":49,"column":2},"end":{"line":49,"column":3}},"loc":{"start":{"line":49,"column":59},"end":{"line":70,"column":3}},"line":49},"4":{"name":"(anonymous_4)","decl":{"start":{"line":72,"column":2},"end":{"line":72,"column":3}},"loc":{"start":{"line":72,"column":61},"end":{"line":79,"column":3}},"line":72},"5":{"name":"(anonymous_5)","decl":{"start":{"line":81,"column":2},"end":{"line":81,"column":3}},"loc":{"start":{"line":81,"column":57},"end":{"line":89,"column":3}},"line":81},"6":{"name":"(anonymous_6)","decl":{"start":{"line":91,"column":2},"end":{"line":91,"column":3}},"loc":{"start":{"line":91,"column":50},"end":{"line":98,"column":3}},"line":91},"7":{"name":"(anonymous_7)","decl":{"start":{"line":100,"column":2},"end":{"line":100,"column":3}},"loc":{"start":{"line":100,"column":58},"end":{"line":110,"column":3}},"line":100}},"branchMap":{"0":{"loc":{"start":{"line":18,"column":6},"end":{"line":18,"column":29}},"type":"if","locations":[{"start":{"line":18,"column":6},"end":{"line":18,"column":29}},{"start":{},"end":{}}],"line":18},"1":{"loc":{"start":{"line":19,"column":13},"end":{"line":19,"column":33}},"type":"binary-expr","locations":[{"start":{"line":19,"column":13},"end":{"line":19,"column":25}},{"start":{"line":19,"column":29},"end":{"line":19,"column":33}}],"line":19},"2":{"loc":{"start":{"line":28,"column":6},"end":{"line":28,"column":29}},"type":"if","locations":[{"start":{"line":28,"column":6},"end":{"line":28,"column":29}},{"start":{},"end":{}}],"line":28},"3":{"loc":{"start":{"line":42,"column":6},"end":{"line":42,"column":29}},"type":"if","locations":[{"start":{"line":42,"column":6},"end":{"line":42,"column":29}},{"start":{},"end":{}}],"line":42},"4":{"loc":{"start":{"line":43,"column":14},"end":{"line":43,"column":24}},"type":"binary-expr","locations":[{"start":{"line":43,"column":14},"end":{"line":43,"column":18}},{"start":{"line":43,"column":22},"end":{"line":43,"column":24}}],"line":43},"5":{"loc":{"start":{"line":61,"column":8},"end":{"line":61,"column":31}},"type":"if","locations":[{"start":{"line":61,"column":8},"end":{"line":61,"column":31}},{"start":{},"end":{}}],"line":61},"6":{"loc":{"start":{"line":62,"column":26},"end":{"line":62,"column":36}},"type":"binary-expr","locations":[{"start":{"line":62,"column":26},"end":{"line":62,"column":30}},{"start":{"line":62,"column":34},"end":{"line":62,"column":36}}],"line":62},"7":{"loc":{"start":{"line":63,"column":8},"end":{"line":63,"column":47}},"type":"if","locations":[{"start":{"line":63,"column":8},"end":{"line":63,"column":47}},{"start":{},"end":{}}],"line":63},"8":{"loc":{"start":{"line":63,"column":12},"end":{"line":63,"column":39}},"type":"binary-expr","locations":[{"start":{"line":63,"column":12},"end":{"line":63,"column":17}},{"start":{"line":63,"column":21},"end":{"line":63,"column":39}}],"line":63},"9":{"loc":{"start":{"line":84,"column":13},"end":{"line":84,"column":59}},"type":"cond-expr","locations":[{"start":{"line":84,"column":20},"end":{"line":84,"column":51}},{"start":{"line":84,"column":55},"end":{"line":84,"column":59}}],"line":84},"10":{"loc":{"start":{"line":94,"column":13},"end":{"line":94,"column":33}},"type":"cond-expr","locations":[{"start":{"line":94,"column":17},"end":{"line":94,"column":26}},{"start":{"line":94,"column":29},"end":{"line":94,"column":33}}],"line":94}},"s":{"0":0,"1":0,"2":0,"3":0,"4":0,"5":0,"6":0,"7":0,"8":0,"9":0,"10":0,"11":0,"12":0,"13":0,"14":0,"15":0,"16":0,"17":0,"18":0,"19":0,"20":0,"21":0,"22":0,"23":0,"24":0,"25":0,"26":0,"27":0,"28":0,"29":0,"30":0,"31":0,"32":0,"33":0,"34":0,"35":0,"36":0,"37":0,"38":0,"39":0,"40":0,"41":0,"42":0,"43":0,"44":0,"45":0,"46":0,"47":0,"48":0,"49":0,"50":0,"51":0},"f":{"0":0,"1":0,"2":0,"3":0,"4":0,"5":0,"6":0,"7":0},"b":{"0":[0,0],"1":[0,0],"2":[0,0],"3":[0,0],"4":[0,0],"5":[0,0],"6":[0,0],"7":[0,0],"8":[0,0],"9":[0,0],"10":[0,0]}}
,"C:\\Users\\RobertoManera\\OneDrive - Kbase\\ProjetosClaude\\AppAlbum\\album-copa-2026\\src\\modules\\album\\store\\stickerStore.ts": {"path":"C:\\Users\\RobertoManera\\OneDrive - Kbase\\ProjetosClaude\\AppAlbum\\album-copa-2026\\src\\modules\\album\\store\\stickerStore.ts","statementMap":{"0":{"start":{"line":7,"column":59},"end":{"line":11,"column":1}},"1":{"start":{"line":51,"column":31},"end":{"line":179,"column":3}},"2":{"start":{"line":51,"column":67},"end":{"line":179,"column":1}},"3":{"start":{"line":63,"column":21},"end":{"line":63,"column":35}},"4":{"start":{"line":64,"column":27},"end":{"line":64,"column":44}},"5":{"start":{"line":65,"column":31},"end":{"line":65,"column":50}},"6":{"start":{"line":66,"column":27},"end":{"line":66,"column":45}},"7":{"start":{"line":67,"column":35},"end":{"line":67,"column":57}},"8":{"start":{"line":68,"column":31},"end":{"line":68,"column":50}},"9":{"start":{"line":69,"column":31},"end":{"line":69,"column":50}},"10":{"start":{"line":70,"column":43},"end":{"line":70,"column":69}},"11":{"start":{"line":71,"column":39},"end":{"line":71,"column":62}},"12":{"start":{"line":74,"column":4},"end":{"line":80,"column":5}},"13":{"start":{"line":75,"column":25},"end":{"line":75,"column":55}},"14":{"start":{"line":76,"column":6},"end":{"line":76,"column":26}},"15":{"start":{"line":77,"column":6},"end":{"line":77,"column":51}},"16":{"start":{"line":79,"column":6},"end":{"line":79,"column":56}},"17":{"start":{"line":84,"column":4},"end":{"line":84,"column":58}},"18":{"start":{"line":88,"column":50},"end":{"line":88,"column":55}},"19":{"start":{"line":89,"column":4},"end":{"line":94,"column":7}},"20":{"start":{"line":95,"column":4},"end":{"line":95,"column":45}},"21":{"start":{"line":99,"column":74},"end":{"line":99,"column":79}},"22":{"start":{"line":100,"column":20},"end":{"line":100,"column":56}},"23":{"start":{"line":101,"column":17},"end":{"line":101,"column":38}},"24":{"start":{"line":102,"column":20},"end":{"line":102,"column":58}},"25":{"start":{"line":103,"column":4},"end":{"line":108,"column":7}},"26":{"start":{"line":109,"column":4},"end":{"line":117,"column":5}},"27":{"start":{"line":110,"column":6},"end":{"line":110,"column":44}},"28":{"start":{"line":111,"column":6},"end":{"line":113,"column":7}},"29":{"start":{"line":112,"column":8},"end":{"line":112,"column":97}},"30":{"start":{"line":115,"column":6},"end":{"line":115,"column":59}},"31":{"start":{"line":116,"column":6},"end":{"line":116,"column":26}},"32":{"start":{"line":121,"column":74},"end":{"line":121,"column":79}},"33":{"start":{"line":122,"column":20},"end":{"line":122,"column":60}},"34":{"start":{"line":123,"column":4},"end":{"line":128,"column":7}},"35":{"start":{"line":129,"column":4},"end":{"line":137,"column":5}},"36":{"start":{"line":130,"column":6},"end":{"line":130,"column":44}},"37":{"start":{"line":131,"column":6},"end":{"line":133,"column":7}},"38":{"start":{"line":132,"column":8},"end":{"line":132,"column":99}},"39":{"start":{"line":135,"column":6},"end":{"line":135,"column":59}},"40":{"start":{"line":136,"column":6},"end":{"line":136,"column":26}},"41":{"start":{"line":141,"column":46},"end":{"line":141,"column":51}},"42":{"start":{"line":142,"column":4},"end":{"line":142,"column":28}},"43":{"start":{"line":143,"column":4},"end":{"line":143,"column":36}},"44":{"start":{"line":144,"column":4},"end":{"line":146,"column":5}},"45":{"start":{"line":145,"column":6},"end":{"line":145,"column":81}},"46":{"start":{"line":150,"column":4},"end":{"line":150,"column":54}},"47":{"start":{"line":154,"column":39},"end":{"line":154,"column":44}},"48":{"start":{"line":155,"column":18},"end":{"line":155,"column":35}},"49":{"start":{"line":156,"column":16},"end":{"line":156,"column":17}},"50":{"start":{"line":157,"column":20},"end":{"line":157,"column":21}},"51":{"start":{"line":158,"column":4},"end":{"line":162,"column":5}},"52":{"start":{"line":159,"column":21},"end":{"line":159,"column":58}},"53":{"start":{"line":160,"column":6},"end":{"line":161,"column":51}},"54":{"start":{"line":160,"column":30},"end":{"line":160,"column":38}},"55":{"start":{"line":161,"column":11},"end":{"line":161,"column":51}},"56":{"start":{"line":161,"column":39},"end":{"line":161,"column":51}},"57":{"start":{"line":163,"column":4},"end":{"line":163,"column":75}},"58":{"start":{"line":167,"column":74},"end":{"line":167,"column":79}},"59":{"start":{"line":168,"column":25},"end":{"line":168,"column":61}},"60":{"start":{"line":169,"column":4},"end":{"line":169,"column":48}},"61":{"start":{"line":169,"column":36},"end":{"line":169,"column":48}},"62":{"start":{"line":170,"column":4},"end":{"line":176,"column":5}},"63":{"start":{"line":171,"column":6},"end":{"line":171,"column":50}},"64":{"start":{"line":171,"column":41},"end":{"line":171,"column":50}},"65":{"start":{"line":172,"column":6},"end":{"line":175,"column":7}},"66":{"start":{"line":173,"column":22},"end":{"line":173,"column":60}},"67":{"start":{"line":173,"column":43},"end":{"line":173,"column":59}},"68":{"start":{"line":174,"column":8},"end":{"line":174,"column":38}},"69":{"start":{"line":177,"column":4},"end":{"line":177,"column":16}}},"fnMap":{"0":{"name":"(anonymous_0)","decl":{"start":{"line":51,"column":52},"end":{"line":51,"column":53}},"loc":{"start":{"line":51,"column":67},"end":{"line":179,"column":1}},"line":51},"1":{"name":"(anonymous_1)","decl":{"start":{"line":63,"column":12},"end":{"line":63,"column":13}},"loc":{"start":{"line":63,"column":21},"end":{"line":63,"column":35}},"line":63},"2":{"name":"(anonymous_2)","decl":{"start":{"line":64,"column":15},"end":{"line":64,"column":16}},"loc":{"start":{"line":64,"column":27},"end":{"line":64,"column":44}},"line":64},"3":{"name":"(anonymous_3)","decl":{"start":{"line":65,"column":17},"end":{"line":65,"column":18}},"loc":{"start":{"line":65,"column":31},"end":{"line":65,"column":50}},"line":65},"4":{"name":"(anonymous_4)","decl":{"start":{"line":66,"column":14},"end":{"line":66,"column":15}},"loc":{"start":{"line":66,"column":27},"end":{"line":66,"column":45}},"line":66},"5":{"name":"(anonymous_5)","decl":{"start":{"line":67,"column":18},"end":{"line":67,"column":19}},"loc":{"start":{"line":67,"column":35},"end":{"line":67,"column":57}},"line":67},"6":{"name":"(anonymous_6)","decl":{"start":{"line":68,"column":17},"end":{"line":68,"column":18}},"loc":{"start":{"line":68,"column":31},"end":{"line":68,"column":50}},"line":68},"7":{"name":"(anonymous_7)","decl":{"start":{"line":69,"column":17},"end":{"line":69,"column":18}},"loc":{"start":{"line":69,"column":31},"end":{"line":69,"column":50}},"line":69},"8":{"name":"(anonymous_8)","decl":{"start":{"line":70,"column":22},"end":{"line":70,"column":23}},"loc":{"start":{"line":70,"column":43},"end":{"line":70,"column":69}},"line":70},"9":{"name":"(anonymous_9)","decl":{"start":{"line":71,"column":21},"end":{"line":71,"column":22}},"loc":{"start":{"line":71,"column":39},"end":{"line":71,"column":62}},"line":71},"10":{"name":"(anonymous_10)","decl":{"start":{"line":73,"column":18},"end":{"line":73,"column":19}},"loc":{"start":{"line":73,"column":30},"end":{"line":81,"column":3}},"line":73},"11":{"name":"(anonymous_11)","decl":{"start":{"line":83,"column":23},"end":{"line":83,"column":24}},"loc":{"start":{"line":83,"column":54},"end":{"line":85,"column":3}},"line":83},"12":{"name":"(anonymous_12)","decl":{"start":{"line":87,"column":19},"end":{"line":87,"column":20}},"loc":{"start":{"line":87,"column":57},"end":{"line":96,"column":3}},"line":87},"13":{"name":"(anonymous_13)","decl":{"start":{"line":98,"column":17},"end":{"line":98,"column":18}},"loc":{"start":{"line":98,"column":48},"end":{"line":118,"column":3}},"line":98},"14":{"name":"(anonymous_14)","decl":{"start":{"line":120,"column":13},"end":{"line":120,"column":14}},"loc":{"start":{"line":120,"column":67},"end":{"line":138,"column":3}},"line":120},"15":{"name":"(anonymous_15)","decl":{"start":{"line":140,"column":19},"end":{"line":140,"column":20}},"loc":{"start":{"line":140,"column":31},"end":{"line":147,"column":3}},"line":140},"16":{"name":"(anonymous_16)","decl":{"start":{"line":149,"column":13},"end":{"line":149,"column":14}},"loc":{"start":{"line":149,"column":53},"end":{"line":151,"column":3}},"line":149},"17":{"name":"(anonymous_17)","decl":{"start":{"line":153,"column":12},"end":{"line":153,"column":13}},"loc":{"start":{"line":153,"column":18},"end":{"line":164,"column":3}},"line":153},"18":{"name":"(anonymous_18)","decl":{"start":{"line":166,"column":18},"end":{"line":166,"column":19}},"loc":{"start":{"line":166,"column":58},"end":{"line":178,"column":3}},"line":166},"19":{"name":"(anonymous_19)","decl":{"start":{"line":173,"column":38},"end":{"line":173,"column":39}},"loc":{"start":{"line":173,"column":43},"end":{"line":173,"column":59}},"line":173}},"branchMap":{"0":{"loc":{"start":{"line":91,"column":22},"end":{"line":93,"column":24}},"type":"cond-expr","locations":[{"start":{"line":92,"column":10},"end":{"line":92,"column":64}},{"start":{"line":93,"column":10},"end":{"line":93,"column":24}}],"line":91},"1":{"loc":{"start":{"line":100,"column":20},"end":{"line":100,"column":56}},"type":"binary-expr","locations":[{"start":{"line":100,"column":20},"end":{"line":100,"column":43}},{"start":{"line":100,"column":47},"end":{"line":100,"column":56}}],"line":100},"2":{"loc":{"start":{"line":105,"column":22},"end":{"line":107,"column":24}},"type":"cond-expr","locations":[{"start":{"line":106,"column":10},"end":{"line":106,"column":61}},{"start":{"line":107,"column":10},"end":{"line":107,"column":24}}],"line":105},"3":{"loc":{"start":{"line":111,"column":6},"end":{"line":113,"column":7}},"type":"if","locations":[{"start":{"line":111,"column":6},"end":{"line":113,"column":7}},{"start":{},"end":{}}],"line":111},"4":{"loc":{"start":{"line":111,"column":10},"end":{"line":111,"column":41}},"type":"binary-expr","locations":[{"start":{"line":111,"column":10},"end":{"line":111,"column":27}},{"start":{"line":111,"column":31},"end":{"line":111,"column":41}}],"line":111},"5":{"loc":{"start":{"line":125,"column":22},"end":{"line":127,"column":24}},"type":"cond-expr","locations":[{"start":{"line":126,"column":10},"end":{"line":126,"column":61}},{"start":{"line":127,"column":10},"end":{"line":127,"column":24}}],"line":125},"6":{"loc":{"start":{"line":131,"column":6},"end":{"line":133,"column":7}},"type":"if","locations":[{"start":{"line":131,"column":6},"end":{"line":133,"column":7}},{"start":{},"end":{}}],"line":131},"7":{"loc":{"start":{"line":131,"column":10},"end":{"line":131,"column":41}},"type":"binary-expr","locations":[{"start":{"line":131,"column":10},"end":{"line":131,"column":27}},{"start":{"line":131,"column":31},"end":{"line":131,"column":41}}],"line":131},"8":{"loc":{"start":{"line":144,"column":4},"end":{"line":146,"column":5}},"type":"if","locations":[{"start":{"line":144,"column":4},"end":{"line":146,"column":5}},{"start":{},"end":{}}],"line":144},"9":{"loc":{"start":{"line":144,"column":8},"end":{"line":144,"column":39}},"type":"binary-expr","locations":[{"start":{"line":144,"column":8},"end":{"line":144,"column":25}},{"start":{"line":144,"column":29},"end":{"line":144,"column":39}}],"line":144},"10":{"loc":{"start":{"line":150,"column":11},"end":{"line":150,"column":53}},"type":"binary-expr","locations":[{"start":{"line":150,"column":11},"end":{"line":150,"column":40}},{"start":{"line":150,"column":44},"end":{"line":150,"column":53}}],"line":150},"11":{"loc":{"start":{"line":159,"column":21},"end":{"line":159,"column":58}},"type":"binary-expr","locations":[{"start":{"line":159,"column":21},"end":{"line":159,"column":45}},{"start":{"line":159,"column":49},"end":{"line":159,"column":58}}],"line":159},"12":{"loc":{"start":{"line":160,"column":6},"end":{"line":161,"column":51}},"type":"if","locations":[{"start":{"line":160,"column":6},"end":{"line":161,"column":51}},{"start":{"line":161,"column":11},"end":{"line":161,"column":51}}],"line":160},"13":{"loc":{"start":{"line":161,"column":11},"end":{"line":161,"column":51}},"type":"if","locations":[{"start":{"line":161,"column":11},"end":{"line":161,"column":51}},{"start":{},"end":{}}],"line":161},"14":{"loc":{"start":{"line":168,"column":25},"end":{"line":168,"column":61}},"type":"binary-expr","locations":[{"start":{"line":168,"column":25},"end":{"line":168,"column":48}},{"start":{"line":168,"column":52},"end":{"line":168,"column":61}}],"line":168},"15":{"loc":{"start":{"line":169,"column":4},"end":{"line":169,"column":48}},"type":"if","locations":[{"start":{"line":169,"column":4},"end":{"line":169,"column":48}},{"start":{},"end":{}}],"line":169},"16":{"loc":{"start":{"line":171,"column":6},"end":{"line":171,"column":50}},"type":"if","locations":[{"start":{"line":171,"column":6},"end":{"line":171,"column":50}},{"start":{},"end":{}}],"line":171},"17":{"loc":{"start":{"line":172,"column":6},"end":{"line":175,"column":7}},"type":"if","locations":[{"start":{"line":172,"column":6},"end":{"line":175,"column":7}},{"start":{},"end":{}}],"line":172},"18":{"loc":{"start":{"line":172,"column":11},"end":{"line":172,"column":40}},"type":"binary-expr","locations":[{"start":{"line":172,"column":11},"end":{"line":172,"column":27}},{"start":{"line":172,"column":31},"end":{"line":172,"column":40}}],"line":172},"19":{"loc":{"start":{"line":174,"column":15},"end":{"line":174,"column":37}},"type":"binary-expr","locations":[{"start":{"line":174,"column":15},"end":{"line":174,"column":26}},{"start":{"line":174,"column":30},"end":{"line":174,"column":37}}],"line":174}},"s":{"0":0,"1":0,"2":0,"3":0,"4":0,"5":0,"6":0,"7":0,"8":0,"9":0,"10":0,"11":0,"12":0,"13":0,"14":0,"15":0,"16":0,"17":0,"18":0,"19":0,"20":0,"21":0,"22":0,"23":0,"24":0,"25":0,"26":0,"27":0,"28":0,"29":0,"30":0,"31":0,"32":0,"33":0,"34":0,"35":0,"36":0,"37":0,"38":0,"39":0,"40":0,"41":0,"42":0,"43":0,"44":0,"45":0,"46":0,"47":0,"48":0,"49":0,"50":0,"51":0,"52":0,"53":0,"54":0,"55":0,"56":0,"57":0,"58":0,"59":0,"60":0,"61":0,"62":0,"63":0,"64":0,"65":0,"66":0,"67":0,"68":0,"69":0},"f":{"0":0,"1":0,"2":0,"3":0,"4":0,"5":0,"6":0,"7":0,"8":0,"9":0,"10":0,"11":0,"12":0,"13":0,"14":0,"15":0,"16":0,"17":0,"18":0,"19":0},"b":{"0":[0,0],"1":[0,0],"2":[0,0],"3":[0,0],"4":[0,0],"5":[0,0],"6":[0,0],"7":[0,0],"8":[0,0],"9":[0,0],"10":[0,0],"11":[0,0],"12":[0,0],"13":[0,0],"14":[0,0],"15":[0,0],"16":[0,0],"17":[0,0],"18":[0,0],"19":[0,0]}}
,"C:\\Users\\RobertoManera\\OneDrive - Kbase\\ProjetosClaude\\AppAlbum\\album-copa-2026\\src\\modules\\auth\\components\\MergeDialog.tsx": {"path":"C:\\Users\\RobertoManera\\OneDrive - Kbase\\ProjetosClaude\\AppAlbum\\album-copa-2026\\src\\modules\\auth\\components\\MergeDialog.tsx","statementMap":{"0":{"start":{"line":15,"column":2},"end":{"line":45,"column":4}},"1":{"start":{"line":30,"column":81},"end":{"line":30,"column":98}},"2":{"start":{"line":35,"column":81},"end":{"line":35,"column":98}},"3":{"start":{"line":39,"column":81},"end":{"line":39,"column":98}},"4":{"start":{"line":49,"column":2},"end":{"line":54,"column":4}},"5":{"start":{"line":57,"column":15},"end":{"line":99,"column":2}}},"fnMap":{"0":{"name":"MergeDialog","decl":{"start":{"line":14,"column":16},"end":{"line":14,"column":27}},"loc":{"start":{"line":14,"column":93},"end":{"line":46,"column":1}},"line":14},"1":{"name":"(anonymous_1)","decl":{"start":{"line":30,"column":75},"end":{"line":30,"column":76}},"loc":{"start":{"line":30,"column":81},"end":{"line":30,"column":98}},"line":30},"2":{"name":"(anonymous_2)","decl":{"start":{"line":35,"column":75},"end":{"line":35,"column":76}},"loc":{"start":{"line":35,"column":81},"end":{"line":35,"column":98}},"line":35},"3":{"name":"(anonymous_3)","decl":{"start":{"line":39,"column":75},"end":{"line":39,"column":76}},"loc":{"start":{"line":39,"column":81},"end":{"line":39,"column":98}},"line":39},"4":{"name":"CountBadge","decl":{"start":{"line":48,"column":9},"end":{"line":48,"column":19}},"loc":{"start":{"line":48,"column":94},"end":{"line":55,"column":1}},"line":48}},"branchMap":{},"s":{"0":0,"1":0,"2":0,"3":0,"4":0,"5":0},"f":{"0":0,"1":0,"2":0,"3":0,"4":0},"b":{}}
,"C:\\Users\\RobertoManera\\OneDrive - Kbase\\ProjetosClaude\\AppAlbum\\album-copa-2026\\src\\modules\\auth\\components\\TypeSettingsModal.tsx": {"path":"C:\\Users\\RobertoManera\\OneDrive - Kbase\\ProjetosClaude\\AppAlbum\\album-copa-2026\\src\\modules\\auth\\components\\TypeSettingsModal.tsx","statementMap":{"0":{"start":{"line":13,"column":25},"end":{"line":13,"column":42}},"1":{"start":{"line":14,"column":44},"end":{"line":14,"column":66}},"2":{"start":{"line":17,"column":28},"end":{"line":21,"column":18}},"3":{"start":{"line":18,"column":16},"end":{"line":18,"column":33}},"4":{"start":{"line":19,"column":4},"end":{"line":19,"column":93}},"5":{"start":{"line":19,"column":32},"end":{"line":19,"column":93}},"6":{"start":{"line":19,"column":77},"end":{"line":19,"column":93}},"7":{"start":{"line":20,"column":4},"end":{"line":20,"column":34}},"8":{"start":{"line":23,"column":20},"end":{"line":23,"column":82}},"9":{"start":{"line":23,"column":38},"end":{"line":23,"column":82}},"10":{"start":{"line":25,"column":17},"end":{"line":32,"column":3}},"11":{"start":{"line":26,"column":21},"end":{"line":26,"column":59}},"12":{"start":{"line":27,"column":20},"end":{"line":27,"column":44}},"13":{"start":{"line":28,"column":17},"end":{"line":30,"column":26}},"14":{"start":{"line":29,"column":28},"end":{"line":29,"column":38}},"15":{"start":{"line":31,"column":4},"end":{"line":31,"column":32}},"16":{"start":{"line":34,"column":2},"end":{"line":65,"column":4}},"17":{"start":{"line":45,"column":25},"end":{"line":45,"column":40}},"18":{"start":{"line":46,"column":14},"end":{"line":55,"column":16}},"19":{"start":{"line":47,"column":79},"end":{"line":47,"column":91}},"20":{"start":{"line":68,"column":15},"end":{"line":108,"column":2}}},"fnMap":{"0":{"name":"TypeSettingsModal","decl":{"start":{"line":12,"column":16},"end":{"line":12,"column":33}},"loc":{"start":{"line":12,"column":63},"end":{"line":66,"column":1}},"line":12},"1":{"name":"(anonymous_1)","decl":{"start":{"line":17,"column":36},"end":{"line":17,"column":37}},"loc":{"start":{"line":17,"column":42},"end":{"line":21,"column":3}},"line":17},"2":{"name":"(anonymous_2)","decl":{"start":{"line":23,"column":20},"end":{"line":23,"column":21}},"loc":{"start":{"line":23,"column":38},"end":{"line":23,"column":82}},"line":23},"3":{"name":"(anonymous_3)","decl":{"start":{"line":25,"column":17},"end":{"line":25,"column":18}},"loc":{"start":{"line":25,"column":41},"end":{"line":32,"column":3}},"line":25},"4":{"name":"(anonymous_4)","decl":{"start":{"line":29,"column":23},"end":{"line":29,"column":24}},"loc":{"start":{"line":29,"column":28},"end":{"line":29,"column":38}},"line":29},"5":{"name":"(anonymous_5)","decl":{"start":{"line":44,"column":35},"end":{"line":44,"column":36}},"loc":{"start":{"line":44,"column":43},"end":{"line":56,"column":13}},"line":44},"6":{"name":"(anonymous_6)","decl":{"start":{"line":47,"column":73},"end":{"line":47,"column":74}},"loc":{"start":{"line":47,"column":79},"end":{"line":47,"column":91}},"line":47}},"branchMap":{"0":{"loc":{"start":{"line":19,"column":32},"end":{"line":19,"column":93}},"type":"if","locations":[{"start":{"line":19,"column":32},"end":{"line":19,"column":93}},{"start":{},"end":{}}],"line":19},"1":{"loc":{"start":{"line":19,"column":36},"end":{"line":19,"column":75}},"type":"binary-expr","locations":[{"start":{"line":19,"column":36},"end":{"line":19,"column":42}},{"start":{"line":19,"column":46},"end":{"line":19,"column":75}}],"line":19},"2":{"loc":{"start":{"line":23,"column":38},"end":{"line":23,"column":82}},"type":"binary-expr","locations":[{"start":{"line":23,"column":38},"end":{"line":23,"column":51}},{"start":{"line":23,"column":55},"end":{"line":23,"column":82}}],"line":23},"3":{"loc":{"start":{"line":27,"column":20},"end":{"line":27,"column":44}},"type":"binary-expr","locations":[{"start":{"line":27,"column":20},"end":{"line":27,"column":32}},{"start":{"line":27,"column":36},"end":{"line":27,"column":44}}],"line":27},"4":{"loc":{"start":{"line":28,"column":17},"end":{"line":30,"column":26}},"type":"cond-expr","locations":[{"start":{"line":29,"column":8},"end":{"line":29,"column":39}},{"start":{"line":30,"column":8},"end":{"line":30,"column":26}}],"line":28},"5":{"loc":{"start":{"line":48,"column":46},"end":{"line":48,"column":83}},"type":"cond-expr","locations":[{"start":{"line":48,"column":51},"end":{"line":48,"column":65}},{"start":{"line":48,"column":68},"end":{"line":48,"column":83}}],"line":48},"6":{"loc":{"start":{"line":49,"column":21},"end":{"line":49,"column":66}},"type":"binary-expr","locations":[{"start":{"line":49,"column":21},"end":{"line":49,"column":23}},{"start":{"line":49,"column":27},"end":{"line":49,"column":66}}],"line":49},"7":{"loc":{"start":{"line":51,"column":50},"end":{"line":51,"column":76}},"type":"binary-expr","locations":[{"start":{"line":51,"column":50},"end":{"line":51,"column":53}},{"start":{"line":51,"column":57},"end":{"line":51,"column":76}}],"line":51}},"s":{"0":0,"1":0,"2":0,"3":0,"4":0,"5":0,"6":0,"7":0,"8":0,"9":0,"10":0,"11":0,"12":0,"13":0,"14":0,"15":0,"16":0,"17":0,"18":0,"19":0,"20":0},"f":{"0":0,"1":0,"2":0,"3":0,"4":0,"5":0,"6":0},"b":{"0":[0,0],"1":[0,0],"2":[0,0],"3":[0,0],"4":[0,0],"5":[0,0],"6":[0,0],"7":[0,0]}}
[...]
":99},"end":{"line":69,"column":3}},"line":51},"3":{"name":"(anonymous_3)","decl":{"start":{"line":55,"column":16},"end":{"line":55,"column":17}},"loc":{"start":{"line":55,"column":32},"end":{"line":55,"column":52}},"line":55},"4":{"name":"(anonymous_4)","decl":{"start":{"line":56,"column":13},"end":{"line":56,"column":14}},"loc":{"start":{"line":56,"column":42},"end":{"line":62,"column":9}},"line":56},"5":{"name":"(anonymous_5)","decl":{"start":{"line":71,"column":2},"end":{"line":71,"column":3}},"loc":{"start":{"line":71,"column":70},"end":{"line":81,"column":3}},"line":71}},"branchMap":{"0":{"loc":{"start":{"line":12,"column":6},"end":{"line":12,"column":29}},"type":"if","locations":[{"start":{"line":12,"column":6},"end":{"line":12,"column":29}},{"start":{},"end":{}}],"line":12},"1":{"loc":{"start":{"line":14,"column":24},"end":{"line":14,"column":34}},"type":"binary-expr","locations":[{"start":{"line":14,"column":24},"end":{"line":14,"column":28}},{"start":{"line":14,"column":32},"end":{"line":14,"column":34}}],"line":14},"2":{"loc":{"start":{"line":25,"column":6},"end":{"line":45,"column":7}},"type":"if","locations":[{"start":{"line":25,"column":6},"end":{"line":45,"column":7}},{"start":{"line":31,"column":13},"end":{"line":45,"column":7}}],"line":25},"3":{"loc":{"start":{"line":44,"column":8},"end":{"line":44,"column":31}},"type":"if","locations":[{"start":{"line":44,"column":8},"end":{"line":44,"column":31}},{"start":{},"end":{}}],"line":44},"4":{"loc":{"start":{"line":63,"column":6},"end":{"line":65,"column":7}},"type":"if","locations":[{"start":{"line":63,"column":6},"end":{"line":65,"column":7}},{"start":{},"end":{}}],"line":63},"5":{"loc":{"start":{"line":76,"column":16},"end":{"line":76,"column":38}},"type":"binary-expr","locations":[{"start":{"line":76,"column":16},"end":{"line":76,"column":25}},{"start":{"line":76,"column":29},"end":{"line":76,"column":38}}],"line":76},"6":{"loc":{"start":{"line":77,"column":16},"end":{"line":77,"column":38}},"type":"binary-expr","locations":[{"start":{"line":77,"column":16},"end":{"line":77,"column":25}},{"start":{"line":77,"column":29},"end":{"line":77,"column":38}}],"line":77},"7":{"loc":{"start":{"line":78,"column":19},"end":{"line":78,"column":53}},"type":"cond-expr","locations":[{"start":{"line":78,"column":48},"end":{"line":78,"column":49}},{"start":{"line":78,"column":52},"end":{"line":78,"column":53}}],"line":78}},"s":{"0":0,"1":0,"2":0,"3":0,"4":0,"5":0,"6":0,"7":0,"8":0,"9":0,"10":0,"11":0,"12":0,"13":0,"14":0,"15":0,"16":0,"17":0,"18":0,"19":0,"20":0,"21":0,"22":0,"23":0,"24":0,"25":0,"26":0,"27":0,"28":0,"29":0,"30":0,"31":0,"32":0},"f":{"0":0,"1":0,"2":0,"3":0,"4":0,"5":0},"b":{"0":[0,0],"1":[0,0],"2":[0,0],"3":[0,0],"4":[0,0],"5":[0,0],"6":[0,0],"7":[0,0]}}
,"C:\\Users\\RobertoManera\\OneDrive - Kbase\\ProjetosClaude\\AppAlbum\\album-copa-2026\\src\\shared\\services\\collectionService.ts": {"path":"C:\\Users\\RobertoManera\\OneDrive - Kbase\\ProjetosClaude\\AppAlbum\\album-copa-2026\\src\\shared\\services\\collectionService.ts","statementMap":{"0":{"start":{"line":6,"column":33},"end":{"line":31,"column":1}},"1":{"start":{"line":8,"column":4},"end":{"line":12,"column":5}},"2":{"start":{"line":9,"column":6},"end":{"line":9,"column":91}},"3":{"start":{"line":11,"column":6},"end":{"line":11,"column":57}},"4":{"start":{"line":16,"column":4},"end":{"line":21,"column":5}},"5":{"start":{"line":17,"column":18},"end":{"line":17,"column":74}},"6":{"start":{"line":18,"column":6},"end":{"line":18,"column":60}},"7":{"start":{"line":20,"column":6},"end":{"line":20,"column":57}},"8":{"start":{"line":25,"column":4},"end":{"line":29,"column":5}},"9":{"start":{"line":26,"column":6},"end":{"line":26,"column":66}},"10":{"start":{"line":28,"column":6},"end":{"line":28,"column":58}}},"fnMap":{"0":{"name":"(anonymous_0)","decl":{"start":{"line":7,"column":2},"end":{"line":7,"column":3}},"loc":{"start":{"line":7,"column":56},"end":{"line":13,"column":3}},"line":7},"1":{"name":"(anonymous_1)","decl":{"start":{"line":15,"column":2},"end":{"line":15,"column":3}},"loc":{"start":{"line":15,"column":40},"end":{"line":22,"column":3}},"line":15},"2":{"name":"(anonymous_2)","decl":{"start":{"line":24,"column":2},"end":{"line":24,"column":3}},"loc":{"start":{"line":24,"column":31},"end":{"line":30,"column":3}},"line":24}},"branchMap":{"0":{"loc":{"start":{"line":18,"column":13},"end":{"line":18,"column":59}},"type":"cond-expr","locations":[{"start":{"line":18,"column":20},"end":{"line":18,"column":53}},{"start":{"line":18,"column":57},"end":{"line":18,"column":59}}],"line":18}},"s":{"0":0,"1":0,"2":0,"3":0,"4":0,"5":0,"6":0,"7":0,"8":0,"9":0,"10":0},"f":{"0":0,"1":0,"2":0},"b":{"0":[0,0]}}
,"C:\\Users\\RobertoManera\\OneDrive - Kbase\\ProjetosClaude\\AppAlbum\\album-copa-2026\\src\\shared\\services\\errorHandler.ts": {"path":"C:\\Users\\RobertoManera\\OneDrive - Kbase\\ProjetosClaude\\AppAlbum\\album-copa-2026\\src\\shared\\services\\errorHandler.ts","statementMap":{"0":{"start":{"line":9,"column":4},"end":{"line":9,"column":19}},"1":{"start":{"line":10,"column":4},"end":{"line":10,"column":27}},"2":{"start":{"line":15,"column":2},"end":{"line":15,"column":46}},"3":{"start":{"line":15,"column":33},"end":{"line":15,"column":46}},"4":{"start":{"line":17,"column":18},"end":{"line":17,"column":74}},"5":{"start":{"line":18,"column":17},"end":{"line":18,"column":47}},"6":{"start":{"line":20,"column":2},"end":{"line":22,"column":3}},"7":{"start":{"line":21,"column":4},"end":{"line":21,"column":70}},"8":{"start":{"line":23,"column":2},"end":{"line":25,"column":3}},"9":{"start":{"line":24,"column":4},"end":{"line":24,"column":70}},"10":{"start":{"line":27,"column":2},"end":{"line":27,"column":68}}},"fnMap":{"0":{"name":"(anonymous_0)","decl":{"start":{"line":4,"column":2},"end":{"line":4,"column":3}},"loc":{"start":{"line":8,"column":4},"end":{"line":11,"column":3}},"line":8},"1":{"name":"handleError","decl":{"start":{"line":14,"column":16},"end":{"line":14,"column":27}},"loc":{"start":{"line":14,"column":72},"end":{"line":28,"column":1}},"line":14}},"branchMap":{"0":{"loc":{"start":{"line":15,"column":2},"end":{"line":15,"column":46}},"type":"if","locations":[{"start":{"line":15,"column":2},"end":{"line":15,"column":46}},{"start":{},"end":{}}],"line":15},"1":{"loc":{"start":{"line":17,"column":18},"end":{"line":17,"column":74}},"type":"cond-expr","locations":[{"start":{"line":17,"column":43},"end":{"line":17,"column":56}},{"start":{"line":17,"column":59},"end":{"line":17,"column":74}}],"line":17},"2":{"loc":{"start":{"line":18,"column":17},"end":{"line":18,"column":47}},"type":"cond-expr","locations":[{"start":{"line":18,"column":27},"end":{"line":18,"column":42}},{"start":{"line":18,"column":45},"end":{"line":18,"column":47}}],"line":18},"3":{"loc":{"start":{"line":20,"column":2},"end":{"line":22,"column":3}},"type":"if","locations":[{"start":{"line":20,"column":2},"end":{"line":22,"column":3}},{"start":{},"end":{}}],"line":20},"4":{"loc":{"start":{"line":20,"column":6},"end":{"line":20,"column":62}},"type":"binary-expr","locations":[{"start":{"line":20,"column":6},"end":{"line":20,"column":33}},{"start":{"line":20,"column":37},"end":{"line":20,"column":62}}],"line":20},"5":{"loc":{"start":{"line":23,"column":2},"end":{"line":25,"column":3}},"type":"if","locations":[{"start":{"line":23,"column":2},"end":{"line":25,"column":3}},{"start":{},"end":{}}],"line":23},"6":{"loc":{"start":{"line":23,"column":6},"end":{"line":23,"column":69}},"type":"binary-expr","locations":[{"start":{"line":23,"column":6},"end":{"line":23,"column":33}},{"start":{"line":23,"column":37},"end":{"line":23,"column":69}}],"line":23}},"s":{"0":0,"1":0,"2":0,"3":0,"4":0,"5":0,"6":0,"7":0,"8":0,"9":0,"10":0},"f":{"0":0,"1":0},"b":{"0":[0,0],"1":[0,0],"2":[0,0],"3":[0,0],"4":[0,0],"5":[0,0],"6":[0,0]}}
,"C:\\Users\\RobertoManera\\OneDrive - Kbase\\ProjetosClaude\\AppAlbum\\album-copa-2026\\src\\shared\\services\\supabase.ts": {"path":"C:\\Users\\RobertoManera\\OneDrive - Kbase\\ProjetosClaude\\AppAlbum\\album-copa-2026\\src\\shared\\services\\supabase.ts","statementMap":{"0":{"start":{"line":5,"column":20},"end":{"line":5,"column":62}},"1":{"start":{"line":6,"column":24},"end":{"line":6,"column":71}},"2":{"start":{"line":8,"column":0},"end":{"line":10,"column":1}},"3":{"start":{"line":9,"column":2},"end":{"line":9,"column":62}},"4":{"start":{"line":12,"column":24},"end":{"line":19,"column":2}}},"fnMap":{},"branchMap":{"0":{"loc":{"start":{"line":5,"column":20},"end":{"line":5,"column":62}},"type":"binary-expr","locations":[{"start":{"line":5,"column":20},"end":{"line":5,"column":56}},{"start":{"line":5,"column":60},"end":{"line":5,"column":62}}],"line":5},"1":{"loc":{"start":{"line":6,"column":24},"end":{"line":6,"column":71}},"type":"binary-expr","locations":[{"start":{"line":6,"column":24},"end":{"line":6,"column":65}},{"start":{"line":6,"column":69},"end":{"line":6,"column":71}}],"line":6},"2":{"loc":{"start":{"line":8,"column":0},"end":{"line":10,"column":1}},"type":"if","locations":[{"start":{"line":8,"column":0},"end":{"line":10,"column":1}},{"start":{},"end":{}}],"line":8},"3":{"loc":{"start":{"line":8,"column":4},"end":{"line":8,"column":36}},"type":"binary-expr","locations":[{"start":{"line":8,"column":4},"end":{"line":8,"column":16}},{"start":{"line":8,"column":20},"end":{"line":8,"column":36}}],"line":8},"4":{"loc":{"start":{"line":14,"column":13},"end":{"line":14,"column":61}},"type":"cond-expr","locations":[{"start":{"line":14,"column":37},"end":{"line":14,"column":46}},{"start":{"line":14,"column":49},"end":{"line":14,"column":61}}],"line":14}},"s":{"0":0,"1":0,"2":0,"3":0,"4":0},"f":{},"b":{"0":[0,0],"1":[0,0],"2":[0,0],"3":[0,0],"4":[0,0]}}
,"C:\\Users\\RobertoManera\\OneDrive - Kbase\\ProjetosClaude\\AppAlbum\\album-copa-2026\\src\\shared\\services\\userAlbumService.ts": {"path":"C:\\Users\\RobertoManera\\OneDrive - Kbase\\ProjetosClaude\\AppAlbum\\album-copa-2026\\src\\shared\\services\\userAlbumService.ts","statementMap":{"0":{"start":{"line":5,"column":32},"end":{"line":56,"column":1}},"1":{"start":{"line":7,"column":4},"end":{"line":17,"column":5}},"2":{"start":{"line":8,"column":30},"end":{"line":12,"column":49}},"3":{"start":{"line":13,"column":6},"end":{"line":13,"column":29}},"4":{"start":{"line":13,"column":17},"end":{"line":13,"column":29}},"5":{"start":{"line":14,"column":6},"end":{"line":14,"column":24}},"6":{"start":{"line":16,"column":6},"end":{"line":16,"column":56}},"7":{"start":{"line":21,"column":4},"end":{"line":31,"column":5}},"8":{"start":{"line":22,"column":30},"end":{"line":26,"column":17}},"9":{"start":{"line":27,"column":6},"end":{"line":27,"column":29}},"10":{"start":{"line":27,"column":17},"end":{"line":27,"column":29}},"11":{"start":{"line":28,"column":6},"end":{"line":28,"column":18}},"12":{"start":{"line":30,"column":6},"end":{"line":30,"column":58}},"13":{"start":{"line":35,"column":4},"end":{"line":43,"column":5}},"14":{"start":{"line":36,"column":24},"end":{"line":39,"column":21}},"15":{"start":{"line":40,"column":6},"end":{"line":40,"column":29}},"16":{"start":{"line":40,"column":17},"end":{"line":40,"column":29}},"17":{"start":{"line":42,"column":6},"end":{"line":42,"column":58}},"18":{"start":{"line":47,"column":4},"end":{"line":54,"column":5}},"19":{"start":{"line":49,"column":6},"end":{"line":49,"column":79}},"20":{"start":{"line":50,"column":24},"end":{"line":50,"column":80}},"21":{"start":{"line":51,"column":6},"end":{"line":51,"column":29}},"22":{"start":{"line":51,"column":17},"end":{"line":51,"column":29}},"23":{"start":{"line":53,"column":6},"end":{"line":53,"column":58}}},"fnMap":{"0":{"name":"(anonymous_0)","decl":{"start":{"line":6,"column":2},"end":{"line":6,"column":3}},"loc":{"start":{"line":6,"column":51},"end":{"line":18,"column":3}},"line":6},"1":{"name":"(anonymous_1)","decl":{"start":{"line":20,"column":2},"end":{"line":20,"column":3}},"loc":{"start":{"line":20,"column":65},"end":{"line":32,"column":3}},"line":20},"2":{"name":"(anonymous_2)","decl":{"start":{"line":34,"column":2},"end":{"line":34,"column":3}},"loc":{"start":{"line":34,"column":56},"end":{"line":44,"column":3}},"line":34},"3":{"name":"(anonymous_3)","decl":{"start":{"line":46,"column":2},"end":{"line":46,"column":3}},"loc":{"start":{"line":46,"column":42},"end":{"line":55,"column":3}},"line":46}},"branchMap":{"0":{"loc":{"start":{"line":13,"column":6},"end":{"line":13,"column":29}},"type":"if","locations":[{"start":{"line":13,"column":6},"end":{"line":13,"column":29}},{"start":{},"end":{}}],"line":13},"1":{"loc":{"start":{"line":14,"column":13},"end":{"line":14,"column":23}},"type":"binary-expr","locations":[{"start":{"line":14,"column":13},"end":{"line":14,"column":17}},{"start":{"line":14,"column":21},"end":{"line":14,"column":23}}],"line":14},"2":{"loc":{"start":{"line":27,"column":6},"end":{"line":27,"column":29}},"type":"if","locations":[{"start":{"line":27,"column":6},"end":{"line":27,"column":29}},{"start":{},"end":{}}],"line":27},"3":{"loc":{"start":{"line":40,"column":6},"end":{"line":40,"column":29}},"type":"if","locations":[{"start":{"line":40,"column":6},"end":{"line":40,"column":29}},{"start":{},"end":{}}],"line":40},"4":{"loc":{"start":{"line":51,"column":6},"end":{"line":51,"column":29}},"type":"if","locations":[{"start":{"line":51,"column":6},"end":{"line":51,"column":29}},{"start":{},"end":{}}],"line":51}},"s":{"0":0,"1":0,"2":0,"3":0,"4":0,"5":0,"6":0,"7":0,"8":0,"9":0,"10":0,"11":0,"12":0,"13":0,"14":0,"15":0,"16":0,"17":0,"18":0,"19":0,"20":0,"21":0,"22":0,"23":0},"f":{"0":0,"1":0,"2":0,"3":0},"b":{"0":[0,0],"1":[0,0],"2":[0,0],"3":[0,0],"4":[0,0]}}
,"C:\\Users\\RobertoManera\\OneDrive - Kbase\\ProjetosClaude\\AppAlbum\\album-copa-2026\\src\\shared\\storage\\keys.ts": {"path":"C:\\Users\\RobertoManera\\OneDrive - Kbase\\ProjetosClaude\\AppAlbum\\album-copa-2026\\src\\shared\\storage\\keys.ts","statementMap":{"0":{"start":{"line":1,"column":28},"end":{"line":7,"column":10}}},"fnMap":{},"branchMap":{},"s":{"0":0},"f":{},"b":{}}
,"C:\\Users\\RobertoManera\\OneDrive - Kbase\\ProjetosClaude\\AppAlbum\\album-copa-2026\\src\\shared\\store\\userSettingsStore.ts": {"path":"C:\\Users\\RobertoManera\\OneDrive - Kbase\\ProjetosClaude\\AppAlbum\\album-copa-2026\\src\\shared\\store\\userSettingsStore.ts","statementMap":{"0":{"start":{"line":6,"column":27},"end":{"line":6,"column":52}},"1":{"start":{"line":9,"column":52},"end":{"line":11,"column":1}},"2":{"start":{"line":14,"column":2},"end":{"line":14,"column":36}},"3":{"start":{"line":24,"column":36},"end":{"line":49,"column":3}},"4":{"start":{"line":24,"column":70},"end":{"line":49,"column":1}},"5":{"start":{"line":29,"column":18},"end":{"line":29,"column":65}},"6":{"start":{"line":30,"column":4},"end":{"line":30,"column":33}},"7":{"start":{"line":31,"column":4},"end":{"line":31,"column":100}},"8":{"start":{"line":35,"column":4},"end":{"line":45,"column":14}},"9":{"start":{"line":36,"column":18},"end":{"line":36,"column":72}},"10":{"start":{"line":37,"column":6},"end":{"line":44,"column":7}},"11":{"start":{"line":38,"column":23},"end":{"line":38,"column":69}},"12":{"start":{"line":39,"column":8},"end":{"line":43,"column":9}},"13":{"start":{"line":40,"column":25},"end":{"line":40,"column":86}},"14":{"start":{"line":41,"column":10},"end":{"line":41,"column":40}},"15":{"start":{"line":42,"column":10},"end":{"line":42,"column":17}},"16":{"start":{"line":47,"column":4},"end":{"line":47,"column":36}}},"fnMap":{"0":{"name":"displayType","decl":{"start":{"line":13,"column":16},"end":{"line":13,"column":27}},"loc":{"start":{"line":13,"column":50},"end":{"line":15,"column":1}},"line":13},"1":{"name":"(anonymous_1)","decl":{"start":{"line":24,"column":62},"end":{"line":24,"column":63}},"loc":{"start":{"line":24,"column":70},"end":{"line":49,"column":1}},"line":24},"2":{"name":"(anonymous_2)","decl":{"start":{"line":27,"column":19},"end":{"line":27,"column":20}},"loc":{"start":{"line":27,"column":46},"end":{"line":32,"column":3}},"line":27},"3":{"name":"(anonymous_3)","decl":{"start":{"line":34,"column":16},"end":{"line":34,"column":17}},"loc":{"start":{"line":34,"column":46},"end":{"line":48,"column":3}},"line":34}},"branchMap":{"0":{"loc":{"start":{"line":14,"column":9},"end":{"line":14,"column":35}},"type":"binary-expr","locations":[{"start":{"line":14,"column":9},"end":{"line":14,"column":27}},{"start":{"line":14,"column":31},"end":{"line":14,"column":35}}],"line":14},"1":{"loc":{"start":{"line":37,"column":6},"end":{"line":44,"column":7}},"type":"if","locations":[{"start":{"line":37,"column":6},"end":{"line":44,"column":7}},{"start":{},"end":{}}],"line":37},"2":{"loc":{"start":{"line":39,"column":8},"end":{"line":43,"column":9}},"type":"if","locations":[{"start":{"line":39,"column":8},"end":{"line":43,"column":9}},{"start":{},"end":{}}],"line":39}},"s":{"0":0,"1":0,"2":0,"3":0,"4":0,"5":0,"6":0,"7":0,"8":0,"9":0,"10":0,"11":0,"12":0,"13":0,"14":0,"15":0,"16":0},"f":{"0":0,"1":0,"2":0,"3":0},"b":{"0":[0,0],"1":[0,0],"2":[0,0]}}
,"C:\\Users\\RobertoManera\\OneDrive - Kbase\\ProjetosClaude\\AppAlbum\\album-copa-2026\\src\\shared\\utils\\flagEmoji.ts": {"path":"C:\\Users\\RobertoManera\\OneDrive - Kbase\\ProjetosClaude\\AppAlbum\\album-copa-2026\\src\\shared\\utils\\flagEmoji.ts","statementMap":{"0":{"start":{"line":2,"column":45},"end":{"line":86,"column":1}},"1":{"start":{"line":89,"column":2},"end":{"line":89,"column":56}},"2":{"start":{"line":93,"column":14},"end":{"line":93,"column":40}},"3":{"start":{"line":94,"column":2},"end":{"line":94,"column":57}}},"fnMap":{"0":{"name":"getFlagIsoCode","decl":{"start":{"line":88,"column":16},"end":{"line":88,"column":30}},"loc":{"start":{"line":88,"column":66},"end":{"line":90,"column":1}},"line":88},"1":{"name":"getFlagUrl","decl":{"start":{"line":92,"column":16},"end":{"line":92,"column":26}},"loc":{"start":{"line":92,"column":55},"end":{"line":95,"column":1}},"line":92}},"branchMap":{"0":{"loc":{"start":{"line":89,"column":9},"end":{"line":89,"column":55}},"type":"binary-expr","locations":[{"start":{"line":89,"column":9},"end":{"line":89,"column":47}},{"start":{"line":89,"column":51},"end":{"line":89,"column":55}}],"line":89},"1":{"loc":{"start":{"line":94,"column":9},"end":{"line":94,"column":56}},"type":"cond-expr","locations":[{"start":{"line":94,"column":15},"end":{"line":94,"column":51}},{"start":{"line":94,"column":54},"end":{"line":94,"column":56}}],"line":94}},"s":{"0":0,"1":0,"2":0,"3":0},"f":{"0":0,"1":0},"b":{"0":[0,0],"1":[0,0]}}
,"C:\\Users\\RobertoManera\\OneDrive - Kbase\\ProjetosClaude\\AppAlbum\\album-copa-2026\\src\\shared\\utils\\logger.ts": {"path":"C:\\Users\\RobertoManera\\OneDrive - Kbase\\ProjetosClaude\\AppAlbum\\album-copa-2026\\src\\shared\\utils\\logger.ts","statementMap":{"0":{"start":{"line":1,"column":14},"end":{"line":1,"column":21}},"1":{"start":{"line":3,"column":22},"end":{"line":13,"column":1}},"2":{"start":{"line":5,"column":4},"end":{"line":5,"column":36}},"3":{"start":{"line":5,"column":15},"end":{"line":5,"column":36}},"4":{"start":{"line":8,"column":4},"end":{"line":8,"column":26}},"5":{"start":{"line":11,"column":4},"end":{"line":11,"column":27}}},"fnMap":{"0":{"name":"(anonymous_0)","decl":{"start":{"line":4,"column":7},"end":{"line":4,"column":8}},"loc":{"start":{"line":4,"column":31},"end":{"line":6,"column":3}},"line":4},"1":{"name":"(anonymous_1)","decl":{"start":{"line":7,"column":8},"end":{"line":7,"column":9}},"loc":{"start":{"line":7,"column":32},"end":{"line":9,"column":3}},"line":7},"2":{"name":"(anonymous_2)","decl":{"start":{"line":10,"column":9},"end":{"line":10,"column":10}},"loc":{"start":{"line":10,"column":33},"end":{"line":12,"column":3}},"line":10}},"branchMap":{"0":{"loc":{"start":{"line":5,"column":4},"end":{"line":5,"column":36}},"type":"if","locations":[{"start":{"line":5,"column":4},"end":{"line":5,"column":36}},{"start":{},"end":{}}],"line":5}},"s":{"0":0,"1":0,"2":0,"3":0,"4":0,"5":0},"f":{"0":0,"1":0,"2":0},"b":{"0":[0,0]}}
}
